{"C:\\Users\\Administrator\\Downloads\\submission2\\src\\Applications\\security\\AuthenticationTokenManager.js": {"path":"C:\\Users\\Administrator\\Downloads\\submission2\\src\\Applications\\security\\AuthenticationTokenManager.js","statementMap":{"0":{"start":{"line":3,"column":4},"end":{"line":3,"column":null}},"1":{"start":{"line":7,"column":4},"end":{"line":7,"column":null}},"2":{"start":{"line":11,"column":4},"end":{"line":11,"column":null}},"3":{"start":{"line":15,"column":4},"end":{"line":15,"column":null}}},"fnMap":{"0":{"name":"(anonymous_0)","decl":{"start":{"line":2,"column":8},"end":{"line":2,"column":26}},"loc":{"start":{"line":2,"column":36},"end":{"line":4,"column":null}},"line":2},"1":{"name":"(anonymous_1)","decl":{"start":{"line":6,"column":8},"end":{"line":6,"column":25}},"loc":{"start":{"line":6,"column":35},"end":{"line":8,"column":null}},"line":6},"2":{"name":"(anonymous_2)","decl":{"start":{"line":10,"column":8},"end":{"line":10,"column":26}},"loc":{"start":{"line":10,"column":34},"end":{"line":12,"column":null}},"line":10},"3":{"name":"(anonymous_3)","decl":{"start":{"line":14,"column":8},"end":{"line":14,"column":21}},"loc":{"start":{"line":14,"column":24},"end":{"line":16,"column":null}},"line":14}},"branchMap":{},"s":{"0":1,"1":1,"2":1,"3":1},"f":{"0":1,"1":1,"2":1,"3":1},"b":{},"meta":{"lastBranch":0,"lastFunction":4,"lastStatement":4,"seen":{"f:2:8:2:26":0,"s:3:4:3:Infinity":0,"f:6:8:6:25":1,"s:7:4:7:Infinity":1,"f:10:8:10:26":2,"s:11:4:11:Infinity":2,"f:14:8:14:21":3,"s:15:4:15:Infinity":3}}}
,"C:\\Users\\Administrator\\Downloads\\submission2\\src\\Applications\\security\\PasswordHash.js": {"path":"C:\\Users\\Administrator\\Downloads\\submission2\\src\\Applications\\security\\PasswordHash.js","statementMap":{"0":{"start":{"line":3,"column":4},"end":{"line":3,"column":null}},"1":{"start":{"line":7,"column":4},"end":{"line":7,"column":null}}},"fnMap":{"0":{"name":"(anonymous_0)","decl":{"start":{"line":2,"column":8},"end":{"line":2,"column":12}},"loc":{"start":{"line":2,"column":23},"end":{"line":4,"column":null}},"line":2},"1":{"name":"(anonymous_1)","decl":{"start":{"line":6,"column":8},"end":{"line":6,"column":23}},"loc":{"start":{"line":6,"column":42},"end":{"line":8,"column":null}},"line":6}},"branchMap":{},"s":{"0":1,"1":1},"f":{"0":1,"1":1},"b":{},"meta":{"lastBranch":0,"lastFunction":2,"lastStatement":2,"seen":{"f:2:8:2:12":0,"s:3:4:3:Infinity":0,"f:6:8:6:23":1,"s:7:4:7:Infinity":1}}}
,"C:\\Users\\Administrator\\Downloads\\submission2\\src\\Applications\\use_case\\AddCommentUseCase.js": {"path":"C:\\Users\\Administrator\\Downloads\\submission2\\src\\Applications\\use_case\\AddCommentUseCase.js","statementMap":{"0":{"start":{"line":5,"column":4},"end":{"line":5,"column":48}},"1":{"start":{"line":6,"column":4},"end":{"line":6,"column":46}},"2":{"start":{"line":10,"column":41},"end":{"line":10,"column":55}},"3":{"start":{"line":13,"column":23},"end":{"line":13,"column":50}},"4":{"start":{"line":16,"column":4},"end":{"line":16,"column":68}},"5":{"start":{"line":19,"column":4},"end":{"line":19,"column":75}}},"fnMap":{"0":{"name":"(anonymous_0)","decl":{"start":{"line":4,"column":2},"end":{"line":4,"column":13}},"loc":{"start":{"line":4,"column":55},"end":{"line":7,"column":3}},"line":4},"1":{"name":"(anonymous_1)","decl":{"start":{"line":9,"column":8},"end":{"line":9,"column":15}},"loc":{"start":{"line":9,"column":32},"end":{"line":20,"column":3}},"line":9}},"branchMap":{},"s":{"0":2,"1":2,"2":3,"3":3,"4":3,"5":2},"f":{"0":2,"1":3},"b":{},"meta":{"lastBranch":0,"lastFunction":2,"lastStatement":6,"seen":{"f:4:2:4:13":0,"s:5:4:5:48":0,"s:6:4:6:46":1,"f:9:8:9:15":1,"s:10:41:10:55":2,"s:13:23:13:50":3,"s:16:4:16:68":4,"s:19:4:19:75":5}}}
,"C:\\Users\\Administrator\\Downloads\\submission2\\src\\Applications\\use_case\\AddReplyUseCase.js": {"path":"C:\\Users\\Administrator\\Downloads\\submission2\\src\\Applications\\use_case\\AddReplyUseCase.js","statementMap":{"0":{"start":{"line":5,"column":4},"end":{"line":5,"column":44}},"1":{"start":{"line":6,"column":4},"end":{"line":6,"column":48}},"2":{"start":{"line":7,"column":4},"end":{"line":7,"column":46}},"3":{"start":{"line":11,"column":52},"end":{"line":11,"column":66}},"4":{"start":{"line":12,"column":21},"end":{"line":12,"column":46}},"5":{"start":{"line":14,"column":4},"end":{"line":14,"column":68}},"6":{"start":{"line":15,"column":4},"end":{"line":15,"column":70}},"7":{"start":{"line":17,"column":4},"end":{"line":17,"column":70}}},"fnMap":{"0":{"name":"(anonymous_0)","decl":{"start":{"line":4,"column":2},"end":{"line":4,"column":13}},"loc":{"start":{"line":4,"column":72},"end":{"line":8,"column":3}},"line":4},"1":{"name":"(anonymous_1)","decl":{"start":{"line":10,"column":8},"end":{"line":10,"column":15}},"loc":{"start":{"line":10,"column":32},"end":{"line":18,"column":3}},"line":10}},"branchMap":{},"s":{"0":2,"1":2,"2":2,"3":3,"4":3,"5":3,"6":2,"7":2},"f":{"0":2,"1":3},"b":{},"meta":{"lastBranch":0,"lastFunction":2,"lastStatement":8,"seen":{"f:4:2:4:13":0,"s:5:4:5:44":0,"s:6:4:6:48":1,"s:7:4:7:46":2,"f:10:8:10:15":1,"s:11:52:11:66":3,"s:12:21:12:46":4,"s:14:4:14:68":5,"s:15:4:15:70":6,"s:17:4:17:70":7}}}
,"C:\\Users\\Administrator\\Downloads\\submission2\\src\\Applications\\use_case\\AddThreadUseCase.js": {"path":"C:\\Users\\Administrator\\Downloads\\submission2\\src\\Applications\\use_case\\AddThreadUseCase.js","statementMap":{"0":{"start":{"line":5,"column":4},"end":{"line":5,"column":46}},"1":{"start":{"line":9,"column":22},"end":{"line":9,"column":51}},"2":{"start":{"line":12,"column":4},"end":{"line":12,"column":77}}},"fnMap":{"0":{"name":"(anonymous_0)","decl":{"start":{"line":4,"column":2},"end":{"line":4,"column":13}},"loc":{"start":{"line":4,"column":36},"end":{"line":6,"column":3}},"line":4},"1":{"name":"(anonymous_1)","decl":{"start":{"line":8,"column":8},"end":{"line":8,"column":15}},"loc":{"start":{"line":8,"column":32},"end":{"line":13,"column":3}},"line":8}},"branchMap":{},"s":{"0":2,"1":3,"2":3},"f":{"0":2,"1":3},"b":{},"meta":{"lastBranch":0,"lastFunction":2,"lastStatement":3,"seen":{"f:4:2:4:13":0,"s:5:4:5:46":0,"f:8:8:8:15":1,"s:9:22:9:51":1,"s:12:4:12:77":2}}}
,"C:\\Users\\Administrator\\Downloads\\submission2\\src\\Applications\\use_case\\AddUserUseCase.js": {"path":"C:\\Users\\Administrator\\Downloads\\submission2\\src\\Applications\\use_case\\AddUserUseCase.js","statementMap":{"0":{"start":{"line":5,"column":4},"end":{"line":5,"column":null}},"1":{"start":{"line":6,"column":4},"end":{"line":6,"column":null}},"2":{"start":{"line":10,"column":25},"end":{"line":10,"column":57}},"3":{"start":{"line":11,"column":4},"end":{"line":11,"column":null}},"4":{"start":{"line":12,"column":4},"end":{"line":12,"column":null}},"5":{"start":{"line":13,"column":4},"end":{"line":13,"column":null}}},"fnMap":{"0":{"name":"(anonymous_0)","decl":{"start":{"line":4,"column":2},"end":{"line":4,"column":13}},"loc":{"start":{"line":4,"column":48},"end":{"line":7,"column":null}},"line":4},"1":{"name":"(anonymous_1)","decl":{"start":{"line":9,"column":8},"end":{"line":9,"column":15}},"loc":{"start":{"line":9,"column":32},"end":{"line":14,"column":null}},"line":9}},"branchMap":{},"s":{"0":3,"1":3,"2":11,"3":11,"4":6,"5":6},"f":{"0":3,"1":11},"b":{},"meta":{"lastBranch":0,"lastFunction":2,"lastStatement":6,"seen":{"f:4:2:4:13":0,"s:5:4:5:Infinity":0,"s:6:4:6:Infinity":1,"f:9:8:9:15":1,"s:10:25:10:57":2,"s:11:4:11:Infinity":3,"s:12:4:12:Infinity":4,"s:13:4:13:Infinity":5}}}
,"C:\\Users\\Administrator\\Downloads\\submission2\\src\\Applications\\use_case\\DeleteAuthenticationUseCase.js": {"path":"C:\\Users\\Administrator\\Downloads\\submission2\\src\\Applications\\use_case\\DeleteAuthenticationUseCase.js","statementMap":{"0":{"start":{"line":5,"column":4},"end":{"line":5,"column":null}},"1":{"start":{"line":9,"column":4},"end":{"line":9,"column":null}},"2":{"start":{"line":10,"column":29},"end":{"line":10,"column":43}},"3":{"start":{"line":11,"column":4},"end":{"line":11,"column":null}},"4":{"start":{"line":12,"column":4},"end":{"line":12,"column":null}},"5":{"start":{"line":16,"column":29},"end":{"line":16,"column":36}},"6":{"start":{"line":17,"column":4},"end":{"line":19,"column":null}},"7":{"start":{"line":18,"column":6},"end":{"line":18,"column":null}},"8":{"start":{"line":21,"column":4},"end":{"line":23,"column":null}},"9":{"start":{"line":22,"column":6},"end":{"line":22,"column":null}}},"fnMap":{"0":{"name":"(anonymous_0)","decl":{"start":{"line":2,"column":2},"end":{"line":2,"column":13}},"loc":{"start":{"line":4,"column":5},"end":{"line":6,"column":null}},"line":4},"1":{"name":"(anonymous_1)","decl":{"start":{"line":8,"column":8},"end":{"line":8,"column":15}},"loc":{"start":{"line":8,"column":32},"end":{"line":13,"column":null}},"line":8},"2":{"name":"(anonymous_2)","decl":{"start":{"line":15,"column":2},"end":{"line":15,"column":18}},"loc":{"start":{"line":15,"column":28},"end":{"line":24,"column":null}},"line":15}},"branchMap":{"0":{"loc":{"start":{"line":17,"column":4},"end":{"line":19,"column":null}},"type":"if","locations":[{"start":{"line":17,"column":4},"end":{"line":19,"column":null}},{"start":{},"end":{}}],"line":17},"1":{"loc":{"start":{"line":21,"column":4},"end":{"line":23,"column":null}},"type":"if","locations":[{"start":{"line":21,"column":4},"end":{"line":23,"column":null}},{"start":{},"end":{}}],"line":21}},"s":{"0":3,"1":3,"2":3,"3":3,"4":1,"5":3,"6":3,"7":1,"8":2,"9":1},"f":{"0":3,"1":3,"2":3},"b":{"0":[1,2],"1":[1,1]},"meta":{"lastBranch":2,"lastFunction":3,"lastStatement":10,"seen":{"f:2:2:2:13":0,"s:5:4:5:Infinity":0,"f:8:8:8:15":1,"s:9:4:9:Infinity":1,"s:10:29:10:43":2,"s:11:4:11:Infinity":3,"s:12:4:12:Infinity":4,"f:15:2:15:18":2,"s:16:29:16:36":5,"b:17:4:19:Infinity:undefined:undefined:undefined:undefined":0,"s:17:4:19:Infinity":6,"s:18:6:18:Infinity":7,"b:21:4:23:Infinity:undefined:undefined:undefined:undefined":1,"s:21:4:23:Infinity":8,"s:22:6:22:Infinity":9}}}
,"C:\\Users\\Administrator\\Downloads\\submission2\\src\\Applications\\use_case\\DeleteCommentUseCase.js": {"path":"C:\\Users\\Administrator\\Downloads\\submission2\\src\\Applications\\use_case\\DeleteCommentUseCase.js","statementMap":{"0":{"start":{"line":3,"column":4},"end":{"line":3,"column":48}},"1":{"start":{"line":4,"column":4},"end":{"line":4,"column":46}},"2":{"start":{"line":8,"column":43},"end":{"line":8,"column":57}},"3":{"start":{"line":10,"column":4},"end":{"line":10,"column":68}},"4":{"start":{"line":11,"column":4},"end":{"line":11,"column":70}},"5":{"start":{"line":12,"column":4},"end":{"line":12,"column":71}},"6":{"start":{"line":13,"column":4},"end":{"line":13,"column":59}}},"fnMap":{"0":{"name":"(anonymous_0)","decl":{"start":{"line":2,"column":2},"end":{"line":2,"column":13}},"loc":{"start":{"line":2,"column":55},"end":{"line":5,"column":3}},"line":2},"1":{"name":"(anonymous_1)","decl":{"start":{"line":7,"column":8},"end":{"line":7,"column":15}},"loc":{"start":{"line":7,"column":32},"end":{"line":14,"column":3}},"line":7}},"branchMap":{},"s":{"0":2,"1":2,"2":3,"3":3,"4":3,"5":2,"6":2},"f":{"0":2,"1":3},"b":{},"meta":{"lastBranch":0,"lastFunction":2,"lastStatement":7,"seen":{"f:2:2:2:13":0,"s:3:4:3:48":0,"s:4:4:4:46":1,"f:7:8:7:15":1,"s:8:43:8:57":2,"s:10:4:10:68":3,"s:11:4:11:70":4,"s:12:4:12:71":5,"s:13:4:13:59":6}}}
,"C:\\Users\\Administrator\\Downloads\\submission2\\src\\Applications\\use_case\\DeleteReplyUseCase.js": {"path":"C:\\Users\\Administrator\\Downloads\\submission2\\src\\Applications\\use_case\\DeleteReplyUseCase.js","statementMap":{"0":{"start":{"line":3,"column":4},"end":{"line":3,"column":44}},"1":{"start":{"line":4,"column":4},"end":{"line":4,"column":48}},"2":{"start":{"line":5,"column":4},"end":{"line":5,"column":46}},"3":{"start":{"line":9,"column":52},"end":{"line":9,"column":66}},"4":{"start":{"line":11,"column":4},"end":{"line":11,"column":68}},"5":{"start":{"line":12,"column":4},"end":{"line":12,"column":70}},"6":{"start":{"line":13,"column":4},"end":{"line":13,"column":64}},"7":{"start":{"line":14,"column":4},"end":{"line":14,"column":65}},"8":{"start":{"line":16,"column":4},"end":{"line":16,"column":53}}},"fnMap":{"0":{"name":"(anonymous_0)","decl":{"start":{"line":2,"column":2},"end":{"line":2,"column":13}},"loc":{"start":{"line":2,"column":72},"end":{"line":6,"column":3}},"line":2},"1":{"name":"(anonymous_1)","decl":{"start":{"line":8,"column":8},"end":{"line":8,"column":15}},"loc":{"start":{"line":8,"column":32},"end":{"line":17,"column":3}},"line":8}},"branchMap":{},"s":{"0":2,"1":2,"2":2,"3":3,"4":3,"5":3,"6":3,"7":2,"8":2},"f":{"0":2,"1":3},"b":{},"meta":{"lastBranch":0,"lastFunction":2,"lastStatement":9,"seen":{"f:2:2:2:13":0,"s:3:4:3:44":0,"s:4:4:4:48":1,"s:5:4:5:46":2,"f:8:8:8:15":1,"s:9:52:9:66":3,"s:11:4:11:68":4,"s:12:4:12:70":5,"s:13:4:13:64":6,"s:14:4:14:65":7,"s:16:4:16:53":8}}}
,"C:\\Users\\Administrator\\Downloads\\submission2\\src\\Applications\\use_case\\GetThreadUseCase.js": {"path":"C:\\Users\\Administrator\\Downloads\\submission2\\src\\Applications\\use_case\\GetThreadUseCase.js","statementMap":{"0":{"start":{"line":7,"column":4},"end":{"line":7,"column":46}},"1":{"start":{"line":8,"column":4},"end":{"line":8,"column":48}},"2":{"start":{"line":9,"column":4},"end":{"line":9,"column":44}},"3":{"start":{"line":10,"column":4},"end":{"line":10,"column":42}},"4":{"start":{"line":14,"column":25},"end":{"line":14,"column":39}},"5":{"start":{"line":16,"column":19},"end":{"line":16,"column":71}},"6":{"start":{"line":17,"column":21},"end":{"line":19,"column":5}},"7":{"start":{"line":20,"column":20},"end":{"line":20,"column":78}},"8":{"start":{"line":22,"column":16},"end":{"line":22,"column":18}},"9":{"start":{"line":23,"column":4},"end":{"line":25,"column":5}},"10":{"start":{"line":24,"column":6},"end":{"line":24,"column":70}},"11":{"start":{"line":27,"column":27},"end":{"line":50,"column":6}},"12":{"start":{"line":28,"column":29},"end":{"line":39,"column":9}},"13":{"start":{"line":29,"column":27},"end":{"line":29,"column":58}},"14":{"start":{"line":32,"column":12},"end":{"line":38,"column":14}},"15":{"start":{"line":41,"column":6},"end":{"line":49,"column":9}},"16":{"start":{"line":48,"column":42},"end":{"line":48,"column":72}},"17":{"start":{"line":52,"column":4},"end":{"line":59,"column":7}}},"fnMap":{"0":{"name":"(anonymous_0)","decl":{"start":{"line":6,"column":2},"end":{"line":6,"column":13}},"loc":{"start":{"line":6,"column":88},"end":{"line":11,"column":3}},"line":6},"1":{"name":"(anonymous_1)","decl":{"start":{"line":13,"column":8},"end":{"line":13,"column":15}},"loc":{"start":{"line":13,"column":32},"end":{"line":60,"column":3}},"line":13},"2":{"name":"(anonymous_2)","decl":{"start":{"line":27,"column":40},"end":{"line":27,"column":41}},"loc":{"start":{"line":27,"column":53},"end":{"line":50,"column":5}},"line":27},"3":{"name":"(anonymous_3)","decl":{"start":{"line":29,"column":16},"end":{"line":29,"column":17}},"loc":{"start":{"line":29,"column":27},"end":{"line":29,"column":58}},"line":29},"4":{"name":"(anonymous_4)","decl":{"start":{"line":31,"column":10},"end":{"line":31,"column":11}},"loc":{"start":{"line":32,"column":12},"end":{"line":38,"column":14}},"line":32},"5":{"name":"(anonymous_5)","decl":{"start":{"line":48,"column":32},"end":{"line":48,"column":33}},"loc":{"start":{"line":48,"column":42},"end":{"line":48,"column":72}},"line":48}},"branchMap":{"0":{"loc":{"start":{"line":23,"column":4},"end":{"line":25,"column":5}},"type":"if","locations":[{"start":{"line":23,"column":4},"end":{"line":25,"column":5}},{"start":{},"end":{}}],"line":23}},"s":{"0":2,"1":2,"2":2,"3":2,"4":3,"5":3,"6":2,"7":2,"8":2,"9":2,"10":2,"11":2,"12":3,"13":5,"14":3,"15":3,"16":2,"17":2},"f":{"0":2,"1":3,"2":3,"3":5,"4":3,"5":2},"b":{"0":[2,0]},"meta":{"lastBranch":1,"lastFunction":6,"lastStatement":18,"seen":{"f:6:2:6:13":0,"s:7:4:7:46":0,"s:8:4:8:48":1,"s:9:4:9:44":2,"s:10:4:10:42":3,"f:13:8:13:15":1,"s:14:25:14:39":4,"s:16:19:16:71":5,"s:17:21:19:5":6,"s:20:20:20:78":7,"s:22:16:22:18":8,"b:23:4:25:5:undefined:undefined:undefined:undefined":0,"s:23:4:25:5":9,"s:24:6:24:70":10,"s:27:27:50:6":11,"f:27:40:27:41":2,"s:28:29:39:9":12,"f:29:16:29:17":3,"s:29:27:29:58":13,"f:31:10:31:11":4,"s:32:12:38:14":14,"s:41:6:49:9":15,"f:48:32:48:33":5,"s:48:42:48:72":16,"s:52:4:59:7":17}}}
,"C:\\Users\\Administrator\\Downloads\\submission2\\src\\Applications\\use_case\\LoginUserUseCase.js": {"path":"C:\\Users\\Administrator\\Downloads\\submission2\\src\\Applications\\use_case\\LoginUserUseCase.js","statementMap":{"0":{"start":{"line":11,"column":4},"end":{"line":11,"column":null}},"1":{"start":{"line":12,"column":4},"end":{"line":12,"column":null}},"2":{"start":{"line":13,"column":4},"end":{"line":13,"column":null}},"3":{"start":{"line":14,"column":4},"end":{"line":14,"column":null}},"4":{"start":{"line":18,"column":35},"end":{"line":18,"column":64}},"5":{"start":{"line":20,"column":30},"end":{"line":20,"column":88}},"6":{"start":{"line":22,"column":4},"end":{"line":22,"column":null}},"7":{"start":{"line":24,"column":15},"end":{"line":24,"column":67}},"8":{"start":{"line":26,"column":24},"end":{"line":27,"column":42}},"9":{"start":{"line":28,"column":25},"end":{"line":29,"column":43}},"10":{"start":{"line":31,"column":30},"end":{"line":34,"column":6}},"11":{"start":{"line":36,"column":4},"end":{"line":36,"column":null}},"12":{"start":{"line":38,"column":4},"end":{"line":38,"column":null}}},"fnMap":{"0":{"name":"(anonymous_0)","decl":{"start":{"line":5,"column":2},"end":{"line":5,"column":13}},"loc":{"start":{"line":10,"column":5},"end":{"line":15,"column":null}},"line":10},"1":{"name":"(anonymous_1)","decl":{"start":{"line":17,"column":8},"end":{"line":17,"column":15}},"loc":{"start":{"line":17,"column":32},"end":{"line":39,"column":null}},"line":17}},"branchMap":{},"s":{"0":3,"1":3,"2":3,"3":3,"4":8,"5":8,"6":5,"7":4,"8":4,"9":4,"10":4,"11":4,"12":4},"f":{"0":3,"1":8},"b":{},"meta":{"lastBranch":0,"lastFunction":2,"lastStatement":13,"seen":{"f:5:2:5:13":0,"s:11:4:11:Infinity":0,"s:12:4:12:Infinity":1,"s:13:4:13:Infinity":2,"s:14:4:14:Infinity":3,"f:17:8:17:15":1,"s:18:35:18:64":4,"s:20:30:20:88":5,"s:22:4:22:Infinity":6,"s:24:15:24:67":7,"s:26:24:27:42":8,"s:28:25:29:43":9,"s:31:30:34:6":10,"s:36:4:36:Infinity":11,"s:38:4:38:Infinity":12}}}
,"C:\\Users\\Administrator\\Downloads\\submission2\\src\\Applications\\use_case\\LogoutUserUseCase.js": {"path":"C:\\Users\\Administrator\\Downloads\\submission2\\src\\Applications\\use_case\\LogoutUserUseCase.js","statementMap":{"0":{"start":{"line":5,"column":4},"end":{"line":5,"column":null}},"1":{"start":{"line":9,"column":4},"end":{"line":9,"column":null}},"2":{"start":{"line":10,"column":29},"end":{"line":10,"column":43}},"3":{"start":{"line":11,"column":4},"end":{"line":11,"column":null}},"4":{"start":{"line":12,"column":4},"end":{"line":12,"column":null}},"5":{"start":{"line":16,"column":29},"end":{"line":16,"column":36}},"6":{"start":{"line":17,"column":4},"end":{"line":19,"column":null}},"7":{"start":{"line":18,"column":6},"end":{"line":18,"column":null}},"8":{"start":{"line":21,"column":4},"end":{"line":23,"column":null}},"9":{"start":{"line":22,"column":6},"end":{"line":22,"column":null}}},"fnMap":{"0":{"name":"(anonymous_0)","decl":{"start":{"line":2,"column":2},"end":{"line":2,"column":13}},"loc":{"start":{"line":4,"column":5},"end":{"line":6,"column":null}},"line":4},"1":{"name":"(anonymous_1)","decl":{"start":{"line":8,"column":8},"end":{"line":8,"column":15}},"loc":{"start":{"line":8,"column":32},"end":{"line":13,"column":null}},"line":8},"2":{"name":"(anonymous_2)","decl":{"start":{"line":15,"column":2},"end":{"line":15,"column":18}},"loc":{"start":{"line":15,"column":28},"end":{"line":24,"column":null}},"line":15}},"branchMap":{"0":{"loc":{"start":{"line":17,"column":4},"end":{"line":19,"column":null}},"type":"if","locations":[{"start":{"line":17,"column":4},"end":{"line":19,"column":null}},{"start":{},"end":{}}],"line":17},"1":{"loc":{"start":{"line":21,"column":4},"end":{"line":23,"column":null}},"type":"if","locations":[{"start":{"line":21,"column":4},"end":{"line":23,"column":null}},{"start":{},"end":{}}],"line":21}},"s":{"0":4,"1":6,"2":6,"3":6,"4":2,"5":6,"6":6,"7":2,"8":4,"9":1},"f":{"0":4,"1":6,"2":6},"b":{"0":[2,4],"1":[1,3]},"meta":{"lastBranch":2,"lastFunction":3,"lastStatement":10,"seen":{"f:2:2:2:13":0,"s:5:4:5:Infinity":0,"f:8:8:8:15":1,"s:9:4:9:Infinity":1,"s:10:29:10:43":2,"s:11:4:11:Infinity":3,"s:12:4:12:Infinity":4,"f:15:2:15:18":2,"s:16:29:16:36":5,"b:17:4:19:Infinity:undefined:undefined:undefined:undefined":0,"s:17:4:19:Infinity":6,"s:18:6:18:Infinity":7,"b:21:4:23:Infinity:undefined:undefined:undefined:undefined":1,"s:21:4:23:Infinity":8,"s:22:6:22:Infinity":9}}}
,"C:\\Users\\Administrator\\Downloads\\submission2\\src\\Applications\\use_case\\RefreshAuthenticationUseCase.js": {"path":"C:\\Users\\Administrator\\Downloads\\submission2\\src\\Applications\\use_case\\RefreshAuthenticationUseCase.js","statementMap":{"0":{"start":{"line":6,"column":4},"end":{"line":6,"column":null}},"1":{"start":{"line":7,"column":4},"end":{"line":7,"column":null}},"2":{"start":{"line":11,"column":4},"end":{"line":11,"column":null}},"3":{"start":{"line":12,"column":29},"end":{"line":12,"column":43}},"4":{"start":{"line":14,"column":4},"end":{"line":14,"column":null}},"5":{"start":{"line":15,"column":4},"end":{"line":15,"column":null}},"6":{"start":{"line":17,"column":29},"end":{"line":17,"column":95}},"7":{"start":{"line":19,"column":4},"end":{"line":19,"column":null}},"8":{"start":{"line":23,"column":29},"end":{"line":23,"column":36}},"9":{"start":{"line":25,"column":4},"end":{"line":27,"column":null}},"10":{"start":{"line":26,"column":6},"end":{"line":26,"column":null}},"11":{"start":{"line":29,"column":4},"end":{"line":31,"column":null}},"12":{"start":{"line":30,"column":6},"end":{"line":30,"column":null}}},"fnMap":{"0":{"name":"(anonymous_0)","decl":{"start":{"line":2,"column":2},"end":{"line":2,"column":13}},"loc":{"start":{"line":5,"column":5},"end":{"line":8,"column":null}},"line":5},"1":{"name":"(anonymous_1)","decl":{"start":{"line":10,"column":8},"end":{"line":10,"column":15}},"loc":{"start":{"line":10,"column":32},"end":{"line":20,"column":null}},"line":10},"2":{"name":"(anonymous_2)","decl":{"start":{"line":22,"column":2},"end":{"line":22,"column":16}},"loc":{"start":{"line":22,"column":26},"end":{"line":32,"column":null}},"line":22}},"branchMap":{"0":{"loc":{"start":{"line":25,"column":4},"end":{"line":27,"column":null}},"type":"if","locations":[{"start":{"line":25,"column":4},"end":{"line":27,"column":null}},{"start":{},"end":{}}],"line":25},"1":{"loc":{"start":{"line":29,"column":4},"end":{"line":31,"column":null}},"type":"if","locations":[{"start":{"line":29,"column":4},"end":{"line":31,"column":null}},{"start":{},"end":{}}],"line":29}},"s":{"0":4,"1":4,"2":8,"3":8,"4":8,"5":3,"6":2,"7":2,"8":8,"9":8,"10":2,"11":6,"12":2},"f":{"0":4,"1":8,"2":8},"b":{"0":[2,6],"1":[2,4]},"meta":{"lastBranch":2,"lastFunction":3,"lastStatement":13,"seen":{"f:2:2:2:13":0,"s:6:4:6:Infinity":0,"s:7:4:7:Infinity":1,"f:10:8:10:15":1,"s:11:4:11:Infinity":2,"s:12:29:12:43":3,"s:14:4:14:Infinity":4,"s:15:4:15:Infinity":5,"s:17:29:17:95":6,"s:19:4:19:Infinity":7,"f:22:2:22:16":2,"s:23:29:23:36":8,"b:25:4:27:Infinity:undefined:undefined:undefined:undefined":0,"s:25:4:27:Infinity":9,"s:26:6:26:Infinity":10,"b:29:4:31:Infinity:undefined:undefined:undefined:undefined":1,"s:29:4:31:Infinity":11,"s:30:6:30:Infinity":12}}}
,"C:\\Users\\Administrator\\Downloads\\submission2\\src\\Applications\\use_case\\ToggleLikeCommentUseCase.js": {"path":"C:\\Users\\Administrator\\Downloads\\submission2\\src\\Applications\\use_case\\ToggleLikeCommentUseCase.js","statementMap":{"0":{"start":{"line":3,"column":4},"end":{"line":3,"column":null}},"1":{"start":{"line":4,"column":4},"end":{"line":4,"column":null}},"2":{"start":{"line":5,"column":4},"end":{"line":5,"column":null}},"3":{"start":{"line":9,"column":43},"end":{"line":9,"column":57}},"4":{"start":{"line":11,"column":4},"end":{"line":11,"column":null}},"5":{"start":{"line":12,"column":4},"end":{"line":12,"column":null}},"6":{"start":{"line":14,"column":20},"end":{"line":17,"column":5}},"7":{"start":{"line":19,"column":4},"end":{"line":23,"column":null}},"8":{"start":{"line":20,"column":6},"end":{"line":20,"column":null}},"9":{"start":{"line":22,"column":6},"end":{"line":22,"column":null}}},"fnMap":{"0":{"name":"(anonymous_0)","decl":{"start":{"line":2,"column":2},"end":{"line":2,"column":13}},"loc":{"start":{"line":2,"column":71},"end":{"line":6,"column":null}},"line":2},"1":{"name":"(anonymous_1)","decl":{"start":{"line":8,"column":8},"end":{"line":8,"column":15}},"loc":{"start":{"line":8,"column":32},"end":{"line":24,"column":null}},"line":8}},"branchMap":{"0":{"loc":{"start":{"line":19,"column":4},"end":{"line":23,"column":null}},"type":"if","locations":[{"start":{"line":19,"column":4},"end":{"line":23,"column":null}},{"start":{"line":21,"column":11},"end":{"line":23,"column":null}}],"line":19}},"s":{"0":3,"1":3,"2":3,"3":5,"4":5,"5":5,"6":4,"7":4,"8":2,"9":2},"f":{"0":3,"1":5},"b":{"0":[2,2]},"meta":{"lastBranch":1,"lastFunction":2,"lastStatement":10,"seen":{"f:2:2:2:13":0,"s:3:4:3:Infinity":0,"s:4:4:4:Infinity":1,"s:5:4:5:Infinity":2,"f:8:8:8:15":1,"s:9:43:9:57":3,"s:11:4:11:Infinity":4,"s:12:4:12:Infinity":5,"s:14:20:17:5":6,"b:19:4:23:Infinity:21:11:23:Infinity":0,"s:19:4:23:Infinity":7,"s:20:6:20:Infinity":8,"s:22:6:22:Infinity":9}}}
,"C:\\Users\\Administrator\\Downloads\\submission2\\src\\Commons\\config.js": {"path":"C:\\Users\\Administrator\\Downloads\\submission2\\src\\Commons\\config.js","statementMap":{"0":{"start":{"line":5,"column":0},"end":{"line":11,"column":null}},"1":{"start":{"line":6,"column":2},"end":{"line":8,"column":null}},"2":{"start":{"line":10,"column":2},"end":{"line":10,"column":null}},"3":{"start":{"line":13,"column":15},"end":{"line":32,"column":null}}},"fnMap":{},"branchMap":{"0":{"loc":{"start":{"line":5,"column":0},"end":{"line":11,"column":null}},"type":"if","locations":[{"start":{"line":5,"column":0},"end":{"line":11,"column":null}},{"start":{"line":9,"column":7},"end":{"line":11,"column":null}}],"line":5},"1":{"loc":{"start":{"line":15,"column":10},"end":{"line":15,"column":null}},"type":"cond-expr","locations":[{"start":{"line":15,"column":50},"end":{"line":15,"column":64}},{"start":{"line":15,"column":64},"end":{"line":15,"column":null}}],"line":15},"2":{"loc":{"start":{"line":17,"column":11},"end":{"line":17,"column":null}},"type":"cond-expr","locations":[{"start":{"line":17,"column":52},"end":{"line":17,"column":77}},{"start":{"line":17,"column":77},"end":{"line":17,"column":null}}],"line":17}},"s":{"0":9,"1":9,"2":0,"3":9},"f":{},"b":{"0":[9,0],"1":[9,0],"2":[0,9]},"meta":{"lastBranch":3,"lastFunction":0,"lastStatement":4,"seen":{"b:5:0:11:Infinity:9:7:11:Infinity":0,"s:5:0:11:Infinity":0,"s:6:2:8:Infinity":1,"s:10:2:10:Infinity":2,"s:13:15:32:Infinity":3,"b:15:50:15:64:15:64:15:Infinity":1,"b:17:52:17:77:17:77:17:Infinity":2}}}
,"C:\\Users\\Administrator\\Downloads\\submission2\\src\\Commons\\exceptions\\AuthenticationError.js": {"path":"C:\\Users\\Administrator\\Downloads\\submission2\\src\\Commons\\exceptions\\AuthenticationError.js","statementMap":{"0":{"start":{"line":5,"column":4},"end":{"line":5,"column":null}},"1":{"start":{"line":6,"column":4},"end":{"line":6,"column":null}}},"fnMap":{"0":{"name":"(anonymous_0)","decl":{"start":{"line":4,"column":2},"end":{"line":4,"column":13}},"loc":{"start":{"line":4,"column":23},"end":{"line":7,"column":null}},"line":4}},"branchMap":{},"s":{"0":3,"1":3},"f":{"0":3},"b":{},"meta":{"lastBranch":0,"lastFunction":1,"lastStatement":2,"seen":{"f:4:2:4:13":0,"s:5:4:5:Infinity":0,"s:6:4:6:Infinity":1}}}
,"C:\\Users\\Administrator\\Downloads\\submission2\\src\\Commons\\exceptions\\AuthorizationError.js": {"path":"C:\\Users\\Administrator\\Downloads\\submission2\\src\\Commons\\exceptions\\AuthorizationError.js","statementMap":{"0":{"start":{"line":5,"column":4},"end":{"line":5,"column":null}},"1":{"start":{"line":6,"column":4},"end":{"line":6,"column":null}}},"fnMap":{"0":{"name":"(anonymous_0)","decl":{"start":{"line":4,"column":2},"end":{"line":4,"column":13}},"loc":{"start":{"line":4,"column":23},"end":{"line":7,"column":null}},"line":4}},"branchMap":{},"s":{"0":3,"1":3},"f":{"0":3},"b":{},"meta":{"lastBranch":0,"lastFunction":1,"lastStatement":2,"seen":{"f:4:2:4:13":0,"s:5:4:5:Infinity":0,"s:6:4:6:Infinity":1}}}
,"C:\\Users\\Administrator\\Downloads\\submission2\\src\\Commons\\exceptions\\ClientError.js": {"path":"C:\\Users\\Administrator\\Downloads\\submission2\\src\\Commons\\exceptions\\ClientError.js","statementMap":{"0":{"start":{"line":3,"column":4},"end":{"line":3,"column":null}},"1":{"start":{"line":5,"column":4},"end":{"line":7,"column":null}},"2":{"start":{"line":6,"column":6},"end":{"line":6,"column":null}},"3":{"start":{"line":9,"column":4},"end":{"line":9,"column":null}},"4":{"start":{"line":10,"column":4},"end":{"line":10,"column":null}}},"fnMap":{"0":{"name":"(anonymous_0)","decl":{"start":{"line":2,"column":2},"end":{"line":2,"column":13}},"loc":{"start":{"line":2,"column":41},"end":{"line":11,"column":null}},"line":2}},"branchMap":{"0":{"loc":{"start":{"line":2,"column":23},"end":{"line":2,"column":39}},"type":"default-arg","locations":[{"start":{"line":2,"column":36},"end":{"line":2,"column":39}}],"line":2},"1":{"loc":{"start":{"line":5,"column":4},"end":{"line":7,"column":null}},"type":"if","locations":[{"start":{"line":5,"column":4},"end":{"line":7,"column":null}},{"start":{},"end":{}}],"line":5}},"s":{"0":85,"1":85,"2":1,"3":84,"4":84},"f":{"0":85},"b":{"0":[85],"1":[1,84]},"meta":{"lastBranch":2,"lastFunction":1,"lastStatement":5,"seen":{"f:2:2:2:13":0,"b:2:36:2:39":0,"s:3:4:3:Infinity":0,"b:5:4:7:Infinity:undefined:undefined:undefined:undefined":1,"s:5:4:7:Infinity":1,"s:6:6:6:Infinity":2,"s:9:4:9:Infinity":3,"s:10:4:10:Infinity":4}}}
,"C:\\Users\\Administrator\\Downloads\\submission2\\src\\Commons\\exceptions\\DomainErrorTranslator.js": {"path":"C:\\Users\\Administrator\\Downloads\\submission2\\src\\Commons\\exceptions\\DomainErrorTranslator.js","statementMap":{"0":{"start":{"line":3,"column":30},"end":{"line":7,"column":1}},"1":{"start":{"line":5,"column":4},"end":{"line":5,"column":null}},"2":{"start":{"line":9,"column":0},"end":{"line":54,"column":null}}},"fnMap":{"0":{"name":"(anonymous_0)","decl":{"start":{"line":4,"column":2},"end":{"line":4,"column":11}},"loc":{"start":{"line":4,"column":19},"end":{"line":6,"column":3}},"line":4}},"branchMap":{"0":{"loc":{"start":{"line":5,"column":11},"end":{"line":5,"column":69}},"type":"binary-expr","locations":[{"start":{"line":5,"column":11},"end":{"line":5,"column":60}},{"start":{"line":5,"column":64},"end":{"line":5,"column":69}}],"line":5}},"s":{"0":3,"1":34,"2":3},"f":{"0":34},"b":{"0":[34,12]},"meta":{"lastBranch":1,"lastFunction":1,"lastStatement":3,"seen":{"s:3:30:7:1":0,"f:4:2:4:11":0,"s:5:4:5:Infinity":1,"b:5:11:5:60:5:64:5:69":0,"s:9:0:54:Infinity":2}}}
,"C:\\Users\\Administrator\\Downloads\\submission2\\src\\Commons\\exceptions\\InvariantError.js": {"path":"C:\\Users\\Administrator\\Downloads\\submission2\\src\\Commons\\exceptions\\InvariantError.js","statementMap":{"0":{"start":{"line":5,"column":4},"end":{"line":5,"column":null}},"1":{"start":{"line":6,"column":4},"end":{"line":6,"column":null}}},"fnMap":{"0":{"name":"(anonymous_0)","decl":{"start":{"line":4,"column":2},"end":{"line":4,"column":13}},"loc":{"start":{"line":4,"column":23},"end":{"line":7,"column":null}},"line":4}},"branchMap":{},"s":{"0":69,"1":69},"f":{"0":69},"b":{},"meta":{"lastBranch":0,"lastFunction":1,"lastStatement":2,"seen":{"f:4:2:4:13":0,"s:5:4:5:Infinity":0,"s:6:4:6:Infinity":1}}}
,"C:\\Users\\Administrator\\Downloads\\submission2\\src\\Commons\\exceptions\\NotFoundError.js": {"path":"C:\\Users\\Administrator\\Downloads\\submission2\\src\\Commons\\exceptions\\NotFoundError.js","statementMap":{"0":{"start":{"line":5,"column":4},"end":{"line":5,"column":null}},"1":{"start":{"line":6,"column":4},"end":{"line":6,"column":null}}},"fnMap":{"0":{"name":"(anonymous_0)","decl":{"start":{"line":4,"column":2},"end":{"line":4,"column":13}},"loc":{"start":{"line":4,"column":23},"end":{"line":7,"column":null}},"line":4}},"branchMap":{},"s":{"0":9,"1":9},"f":{"0":9},"b":{},"meta":{"lastBranch":0,"lastFunction":1,"lastStatement":2,"seen":{"f:4:2:4:13":0,"s:5:4:5:Infinity":0,"s:6:4:6:Infinity":1}}}
,"C:\\Users\\Administrator\\Downloads\\submission2\\src\\Domains\\authentications\\AuthenticationRepository.js": {"path":"C:\\Users\\Administrator\\Downloads\\submission2\\src\\Domains\\authentications\\AuthenticationRepository.js","statementMap":{"0":{"start":{"line":3,"column":4},"end":{"line":3,"column":null}},"1":{"start":{"line":7,"column":4},"end":{"line":7,"column":null}},"2":{"start":{"line":11,"column":4},"end":{"line":11,"column":null}}},"fnMap":{"0":{"name":"(anonymous_0)","decl":{"start":{"line":2,"column":8},"end":{"line":2,"column":16}},"loc":{"start":{"line":2,"column":24},"end":{"line":4,"column":null}},"line":2},"1":{"name":"(anonymous_1)","decl":{"start":{"line":6,"column":8},"end":{"line":6,"column":30}},"loc":{"start":{"line":6,"column":38},"end":{"line":8,"column":null}},"line":6},"2":{"name":"(anonymous_2)","decl":{"start":{"line":10,"column":8},"end":{"line":10,"column":19}},"loc":{"start":{"line":10,"column":27},"end":{"line":12,"column":null}},"line":10}},"branchMap":{},"s":{"0":1,"1":1,"2":1},"f":{"0":1,"1":1,"2":1},"b":{},"meta":{"lastBranch":0,"lastFunction":3,"lastStatement":3,"seen":{"f:2:8:2:16":0,"s:3:4:3:Infinity":0,"f:6:8:6:30":1,"s:7:4:7:Infinity":1,"f:10:8:10:19":2,"s:11:4:11:Infinity":2}}}
,"C:\\Users\\Administrator\\Downloads\\submission2\\src\\Domains\\authentications\\entities\\NewAuth.js": {"path":"C:\\Users\\Administrator\\Downloads\\submission2\\src\\Domains\\authentications\\entities\\NewAuth.js","statementMap":{"0":{"start":{"line":3,"column":4},"end":{"line":3,"column":null}},"1":{"start":{"line":5,"column":4},"end":{"line":5,"column":null}},"2":{"start":{"line":6,"column":4},"end":{"line":6,"column":null}},"3":{"start":{"line":10,"column":42},"end":{"line":10,"column":49}},"4":{"start":{"line":12,"column":4},"end":{"line":14,"column":null}},"5":{"start":{"line":13,"column":6},"end":{"line":13,"column":null}},"6":{"start":{"line":16,"column":4},"end":{"line":18,"column":null}},"7":{"start":{"line":17,"column":6},"end":{"line":17,"column":null}}},"fnMap":{"0":{"name":"(anonymous_0)","decl":{"start":{"line":2,"column":2},"end":{"line":2,"column":13}},"loc":{"start":{"line":2,"column":23},"end":{"line":7,"column":null}},"line":2},"1":{"name":"(anonymous_1)","decl":{"start":{"line":9,"column":2},"end":{"line":9,"column":16}},"loc":{"start":{"line":9,"column":26},"end":{"line":19,"column":null}},"line":9}},"branchMap":{"0":{"loc":{"start":{"line":12,"column":4},"end":{"line":14,"column":null}},"type":"if","locations":[{"start":{"line":12,"column":4},"end":{"line":14,"column":null}},{"start":{},"end":{}}],"line":12},"1":{"loc":{"start":{"line":12,"column":8},"end":{"line":12,"column":37}},"type":"binary-expr","locations":[{"start":{"line":12,"column":8},"end":{"line":12,"column":20}},{"start":{"line":12,"column":24},"end":{"line":12,"column":37}}],"line":12},"2":{"loc":{"start":{"line":16,"column":4},"end":{"line":18,"column":null}},"type":"if","locations":[{"start":{"line":16,"column":4},"end":{"line":18,"column":null}},{"start":{},"end":{}}],"line":16},"3":{"loc":{"start":{"line":16,"column":8},"end":{"line":16,"column":75}},"type":"binary-expr","locations":[{"start":{"line":16,"column":8},"end":{"line":16,"column":39}},{"start":{"line":16,"column":43},"end":{"line":16,"column":75}}],"line":16}},"s":{"0":8,"1":8,"2":8,"3":8,"4":8,"5":1,"6":7,"7":1},"f":{"0":8,"1":8},"b":{"0":[1,7],"1":[8,8],"2":[1,6],"3":[7,7]},"meta":{"lastBranch":4,"lastFunction":2,"lastStatement":8,"seen":{"f:2:2:2:13":0,"s:3:4:3:Infinity":0,"s:5:4:5:Infinity":1,"s:6:4:6:Infinity":2,"f:9:2:9:16":1,"s:10:42:10:49":3,"b:12:4:14:Infinity:undefined:undefined:undefined:undefined":0,"s:12:4:14:Infinity":4,"b:12:8:12:20:12:24:12:37":1,"s:13:6:13:Infinity":5,"b:16:4:18:Infinity:undefined:undefined:undefined:undefined":2,"s:16:4:18:Infinity":6,"b:16:8:16:39:16:43:16:75":3,"s:17:6:17:Infinity":7}}}
,"C:\\Users\\Administrator\\Downloads\\submission2\\src\\Domains\\comments\\CommentRepository.js": {"path":"C:\\Users\\Administrator\\Downloads\\submission2\\src\\Domains\\comments\\CommentRepository.js","statementMap":{"0":{"start":{"line":3,"column":4},"end":{"line":3,"column":65}},"1":{"start":{"line":6,"column":4},"end":{"line":6,"column":65}},"2":{"start":{"line":10,"column":4},"end":{"line":10,"column":65}},"3":{"start":{"line":14,"column":4},"end":{"line":14,"column":65}},"4":{"start":{"line":18,"column":4},"end":{"line":18,"column":65}}},"fnMap":{"0":{"name":"(anonymous_0)","decl":{"start":{"line":2,"column":8},"end":{"line":2,"column":18}},"loc":{"start":{"line":2,"column":48},"end":{"line":4,"column":3}},"line":2},"1":{"name":"(anonymous_1)","decl":{"start":{"line":5,"column":8},"end":{"line":5,"column":32}},"loc":{"start":{"line":5,"column":44},"end":{"line":7,"column":3}},"line":5},"2":{"name":"(anonymous_2)","decl":{"start":{"line":9,"column":8},"end":{"line":9,"column":26}},"loc":{"start":{"line":9,"column":45},"end":{"line":11,"column":3}},"line":9},"3":{"name":"(anonymous_3)","decl":{"start":{"line":13,"column":8},"end":{"line":13,"column":21}},"loc":{"start":{"line":13,"column":33},"end":{"line":15,"column":3}},"line":13},"4":{"name":"(anonymous_4)","decl":{"start":{"line":17,"column":8},"end":{"line":17,"column":29}},"loc":{"start":{"line":17,"column":40},"end":{"line":19,"column":3}},"line":17}},"branchMap":{},"s":{"0":1,"1":1,"2":1,"3":1,"4":1},"f":{"0":1,"1":1,"2":1,"3":1,"4":1},"b":{},"meta":{"lastBranch":0,"lastFunction":5,"lastStatement":5,"seen":{"f:2:8:2:18":0,"s:3:4:3:65":0,"f:5:8:5:32":1,"s:6:4:6:65":1,"f:9:8:9:26":2,"s:10:4:10:65":2,"f:13:8:13:21":3,"s:14:4:14:65":3,"f:17:8:17:29":4,"s:18:4:18:65":4}}}
,"C:\\Users\\Administrator\\Downloads\\submission2\\src\\Domains\\comments\\entities\\AddedComment.js": {"path":"C:\\Users\\Administrator\\Downloads\\submission2\\src\\Domains\\comments\\entities\\AddedComment.js","statementMap":{"0":{"start":{"line":3,"column":4},"end":{"line":3,"column":33}},"1":{"start":{"line":5,"column":35},"end":{"line":5,"column":42}},"2":{"start":{"line":6,"column":4},"end":{"line":6,"column":17}},"3":{"start":{"line":7,"column":4},"end":{"line":7,"column":27}},"4":{"start":{"line":8,"column":4},"end":{"line":8,"column":23}},"5":{"start":{"line":12,"column":4},"end":{"line":14,"column":5}},"6":{"start":{"line":13,"column":6},"end":{"line":13,"column":67}},"7":{"start":{"line":16,"column":4},"end":{"line":22,"column":5}},"8":{"start":{"line":21,"column":6},"end":{"line":21,"column":72}}},"fnMap":{"0":{"name":"(anonymous_0)","decl":{"start":{"line":2,"column":2},"end":{"line":2,"column":13}},"loc":{"start":{"line":2,"column":23},"end":{"line":9,"column":3}},"line":2},"1":{"name":"(anonymous_1)","decl":{"start":{"line":11,"column":2},"end":{"line":11,"column":16}},"loc":{"start":{"line":11,"column":41},"end":{"line":23,"column":3}},"line":11}},"branchMap":{"0":{"loc":{"start":{"line":12,"column":4},"end":{"line":14,"column":5}},"type":"if","locations":[{"start":{"line":12,"column":4},"end":{"line":14,"column":5}},{"start":{},"end":{}}],"line":12},"1":{"loc":{"start":{"line":12,"column":8},"end":{"line":12,"column":33}},"type":"binary-expr","locations":[{"start":{"line":12,"column":8},"end":{"line":12,"column":11}},{"start":{"line":12,"column":15},"end":{"line":12,"column":23}},{"start":{"line":12,"column":27},"end":{"line":12,"column":33}}],"line":12},"2":{"loc":{"start":{"line":16,"column":4},"end":{"line":22,"column":5}},"type":"if","locations":[{"start":{"line":16,"column":4},"end":{"line":22,"column":5}},{"start":{},"end":{}}],"line":16},"3":{"loc":{"start":{"line":17,"column":6},"end":{"line":19,"column":31}},"type":"binary-expr","locations":[{"start":{"line":17,"column":6},"end":{"line":17,"column":28}},{"start":{"line":18,"column":6},"end":{"line":18,"column":33}},{"start":{"line":19,"column":6},"end":{"line":19,"column":31}}],"line":17}},"s":{"0":9,"1":9,"2":9,"3":9,"4":9,"5":9,"6":1,"7":8,"8":1},"f":{"0":9,"1":9},"b":{"0":[1,8],"1":[9,8,8],"2":[1,7],"3":[8,7,7]},"meta":{"lastBranch":4,"lastFunction":2,"lastStatement":9,"seen":{"f:2:2:2:13":0,"s:3:4:3:33":0,"s:5:35:5:42":1,"s:6:4:6:17":2,"s:7:4:7:27":3,"s:8:4:8:23":4,"f:11:2:11:16":1,"b:12:4:14:5:undefined:undefined:undefined:undefined":0,"s:12:4:14:5":5,"b:12:8:12:11:12:15:12:23:12:27:12:33":1,"s:13:6:13:67":6,"b:16:4:22:5:undefined:undefined:undefined:undefined":2,"s:16:4:22:5":7,"b:17:6:17:28:18:6:18:33:19:6:19:31":3,"s:21:6:21:72":8}}}
,"C:\\Users\\Administrator\\Downloads\\submission2\\src\\Domains\\comments\\entities\\DetailComment.js": {"path":"C:\\Users\\Administrator\\Downloads\\submission2\\src\\Domains\\comments\\entities\\DetailComment.js","statementMap":{"0":{"start":{"line":5,"column":4},"end":{"line":5,"column":33}},"1":{"start":{"line":6,"column":75},"end":{"line":6,"column":82}},"2":{"start":{"line":7,"column":4},"end":{"line":7,"column":17}},"3":{"start":{"line":8,"column":4},"end":{"line":8,"column":29}},"4":{"start":{"line":9,"column":4},"end":{"line":9,"column":21}},"5":{"start":{"line":10,"column":4},"end":{"line":10,"column":27}},"6":{"start":{"line":11,"column":4},"end":{"line":11,"column":31}},"7":{"start":{"line":12,"column":4},"end":{"line":12,"column":70}},"8":{"start":{"line":16,"column":4},"end":{"line":26,"column":5}},"9":{"start":{"line":25,"column":6},"end":{"line":25,"column":68}},"10":{"start":{"line":27,"column":4},"end":{"line":36,"column":5}},"11":{"start":{"line":35,"column":6},"end":{"line":35,"column":73}}},"fnMap":{"0":{"name":"(anonymous_0)","decl":{"start":{"line":4,"column":2},"end":{"line":4,"column":13}},"loc":{"start":{"line":4,"column":23},"end":{"line":13,"column":3}},"line":4},"1":{"name":"(anonymous_1)","decl":{"start":{"line":15,"column":2},"end":{"line":15,"column":16}},"loc":{"start":{"line":15,"column":81},"end":{"line":37,"column":3}},"line":15}},"branchMap":{"0":{"loc":{"start":{"line":12,"column":19},"end":{"line":12,"column":69}},"type":"cond-expr","locations":[{"start":{"line":12,"column":31},"end":{"line":12,"column":59}},{"start":{"line":12,"column":62},"end":{"line":12,"column":69}}],"line":12},"1":{"loc":{"start":{"line":16,"column":4},"end":{"line":26,"column":5}},"type":"if","locations":[{"start":{"line":16,"column":4},"end":{"line":26,"column":5}},{"start":{},"end":{}}],"line":16},"2":{"loc":{"start":{"line":17,"column":6},"end":{"line":23,"column":29}},"type":"binary-expr","locations":[{"start":{"line":17,"column":6},"end":{"line":17,"column":9}},{"start":{"line":18,"column":6},"end":{"line":18,"column":15}},{"start":{"line":19,"column":6},"end":{"line":19,"column":11}},{"start":{"line":20,"column":6},"end":{"line":20,"column":14}},{"start":{"line":21,"column":6},"end":{"line":21,"column":29}},{"start":{"line":22,"column":6},"end":{"line":22,"column":29}},{"start":{"line":23,"column":6},"end":{"line":23,"column":29}}],"line":17},"3":{"loc":{"start":{"line":27,"column":4},"end":{"line":36,"column":5}},"type":"if","locations":[{"start":{"line":27,"column":4},"end":{"line":36,"column":5}},{"start":{},"end":{}}],"line":27},"4":{"loc":{"start":{"line":28,"column":6},"end":{"line":33,"column":35}},"type":"binary-expr","locations":[{"start":{"line":28,"column":6},"end":{"line":28,"column":28}},{"start":{"line":29,"column":6},"end":{"line":29,"column":34}},{"start":{"line":30,"column":6},"end":{"line":30,"column":30}},{"start":{"line":31,"column":6},"end":{"line":31,"column":33}},{"start":{"line":32,"column":6},"end":{"line":32,"column":36}},{"start":{"line":33,"column":6},"end":{"line":33,"column":35}}],"line":28}},"s":{"0":9,"1":9,"2":9,"3":9,"4":9,"5":9,"6":9,"7":9,"8":9,"9":1,"10":8,"11":1},"f":{"0":9,"1":9},"b":{"0":[3,4],"1":[1,8],"2":[9,8,8,8,8,8,8],"3":[1,7],"4":[8,7,7,7,7,7]},"meta":{"lastBranch":5,"lastFunction":2,"lastStatement":12,"seen":{"f:4:2:4:13":0,"s:5:4:5:33":0,"s:6:75:6:82":1,"s:7:4:7:17":2,"s:8:4:8:29":3,"s:9:4:9:21":4,"s:10:4:10:27":5,"s:11:4:11:31":6,"s:12:4:12:70":7,"b:12:31:12:59:12:62:12:69":0,"f:15:2:15:16":1,"b:16:4:26:5:undefined:undefined:undefined:undefined":1,"s:16:4:26:5":8,"b:17:6:17:9:18:6:18:15:19:6:19:11:20:6:20:14:21:6:21:29:22:6:22:29:23:6:23:29":2,"s:25:6:25:68":9,"b:27:4:36:5:undefined:undefined:undefined:undefined":3,"s:27:4:36:5":10,"b:28:6:28:28:29:6:29:34:30:6:30:30:31:6:31:33:32:6:32:36:33:6:33:35":4,"s:35:6:35:73":11}}}
,"C:\\Users\\Administrator\\Downloads\\submission2\\src\\Domains\\comments\\entities\\NewComment.js": {"path":"C:\\Users\\Administrator\\Downloads\\submission2\\src\\Domains\\comments\\entities\\NewComment.js","statementMap":{"0":{"start":{"line":3,"column":4},"end":{"line":3,"column":33}},"1":{"start":{"line":4,"column":4},"end":{"line":4,"column":35}},"2":{"start":{"line":8,"column":4},"end":{"line":10,"column":5}},"3":{"start":{"line":9,"column":6},"end":{"line":9,"column":65}},"4":{"start":{"line":12,"column":4},"end":{"line":14,"column":5}},"5":{"start":{"line":13,"column":6},"end":{"line":13,"column":70}}},"fnMap":{"0":{"name":"(anonymous_0)","decl":{"start":{"line":2,"column":2},"end":{"line":2,"column":13}},"loc":{"start":{"line":2,"column":23},"end":{"line":5,"column":3}},"line":2},"1":{"name":"(anonymous_1)","decl":{"start":{"line":7,"column":2},"end":{"line":7,"column":16}},"loc":{"start":{"line":7,"column":30},"end":{"line":15,"column":3}},"line":7}},"branchMap":{"0":{"loc":{"start":{"line":8,"column":4},"end":{"line":10,"column":5}},"type":"if","locations":[{"start":{"line":8,"column":4},"end":{"line":10,"column":5}},{"start":{},"end":{}}],"line":8},"1":{"loc":{"start":{"line":12,"column":4},"end":{"line":14,"column":5}},"type":"if","locations":[{"start":{"line":12,"column":4},"end":{"line":14,"column":5}},{"start":{},"end":{}}],"line":12}},"s":{"0":9,"1":9,"2":9,"3":2,"4":7,"5":1},"f":{"0":9,"1":9},"b":{"0":[2,7],"1":[1,6]},"meta":{"lastBranch":2,"lastFunction":2,"lastStatement":6,"seen":{"f:2:2:2:13":0,"s:3:4:3:33":0,"s:4:4:4:35":1,"f:7:2:7:16":1,"b:8:4:10:5:undefined:undefined:undefined:undefined":0,"s:8:4:10:5":2,"s:9:6:9:65":3,"b:12:4:14:5:undefined:undefined:undefined:undefined":1,"s:12:4:14:5":4,"s:13:6:13:70":5}}}
,"C:\\Users\\Administrator\\Downloads\\submission2\\src\\Domains\\likes\\LikeRepository.js": {"path":"C:\\Users\\Administrator\\Downloads\\submission2\\src\\Domains\\likes\\LikeRepository.js","statementMap":{"0":{"start":{"line":3,"column":4},"end":{"line":3,"column":null}},"1":{"start":{"line":7,"column":4},"end":{"line":7,"column":null}},"2":{"start":{"line":11,"column":4},"end":{"line":11,"column":null}},"3":{"start":{"line":15,"column":4},"end":{"line":15,"column":null}}},"fnMap":{"0":{"name":"(anonymous_0)","decl":{"start":{"line":2,"column":8},"end":{"line":2,"column":15}},"loc":{"start":{"line":2,"column":34},"end":{"line":4,"column":null}},"line":2},"1":{"name":"(anonymous_1)","decl":{"start":{"line":6,"column":8},"end":{"line":6,"column":18}},"loc":{"start":{"line":6,"column":37},"end":{"line":8,"column":null}},"line":6},"2":{"name":"(anonymous_2)","decl":{"start":{"line":10,"column":8},"end":{"line":10,"column":26}},"loc":{"start":{"line":10,"column":45},"end":{"line":12,"column":null}},"line":10},"3":{"name":"(anonymous_3)","decl":{"start":{"line":14,"column":8},"end":{"line":14,"column":26}},"loc":{"start":{"line":14,"column":37},"end":{"line":16,"column":null}},"line":14}},"branchMap":{},"s":{"0":1,"1":1,"2":1,"3":1},"f":{"0":1,"1":1,"2":1,"3":1},"b":{},"meta":{"lastBranch":0,"lastFunction":4,"lastStatement":4,"seen":{"f:2:8:2:15":0,"s:3:4:3:Infinity":0,"f:6:8:6:18":1,"s:7:4:7:Infinity":1,"f:10:8:10:26":2,"s:11:4:11:Infinity":2,"f:14:8:14:26":3,"s:15:4:15:Infinity":3}}}
,"C:\\Users\\Administrator\\Downloads\\submission2\\src\\Domains\\replies\\ReplyRepository.js": {"path":"C:\\Users\\Administrator\\Downloads\\submission2\\src\\Domains\\replies\\ReplyRepository.js","statementMap":{"0":{"start":{"line":3,"column":4},"end":{"line":3,"column":63}},"1":{"start":{"line":7,"column":4},"end":{"line":7,"column":63}},"2":{"start":{"line":11,"column":4},"end":{"line":11,"column":63}},"3":{"start":{"line":15,"column":4},"end":{"line":15,"column":63}},"4":{"start":{"line":19,"column":4},"end":{"line":19,"column":63}}},"fnMap":{"0":{"name":"(anonymous_0)","decl":{"start":{"line":2,"column":8},"end":{"line":2,"column":16}},"loc":{"start":{"line":2,"column":45},"end":{"line":4,"column":3}},"line":2},"1":{"name":"(anonymous_1)","decl":{"start":{"line":6,"column":8},"end":{"line":6,"column":30}},"loc":{"start":{"line":6,"column":40},"end":{"line":8,"column":3}},"line":6},"2":{"name":"(anonymous_2)","decl":{"start":{"line":10,"column":8},"end":{"line":10,"column":24}},"loc":{"start":{"line":10,"column":41},"end":{"line":12,"column":3}},"line":10},"3":{"name":"(anonymous_3)","decl":{"start":{"line":14,"column":8},"end":{"line":14,"column":19}},"loc":{"start":{"line":14,"column":29},"end":{"line":16,"column":3}},"line":14},"4":{"name":"(anonymous_4)","decl":{"start":{"line":18,"column":8},"end":{"line":18,"column":28}},"loc":{"start":{"line":18,"column":39},"end":{"line":20,"column":3}},"line":18}},"branchMap":{},"s":{"0":1,"1":1,"2":1,"3":1,"4":1},"f":{"0":1,"1":1,"2":1,"3":1,"4":1},"b":{},"meta":{"lastBranch":0,"lastFunction":5,"lastStatement":5,"seen":{"f:2:8:2:16":0,"s:3:4:3:63":0,"f:6:8:6:30":1,"s:7:4:7:63":1,"f:10:8:10:24":2,"s:11:4:11:63":2,"f:14:8:14:19":3,"s:15:4:15:63":3,"f:18:8:18:28":4,"s:19:4:19:63":4}}}
,"C:\\Users\\Administrator\\Downloads\\submission2\\src\\Domains\\replies\\entities\\AddedReply.js": {"path":"C:\\Users\\Administrator\\Downloads\\submission2\\src\\Domains\\replies\\entities\\AddedReply.js","statementMap":{"0":{"start":{"line":3,"column":4},"end":{"line":3,"column":33}},"1":{"start":{"line":5,"column":35},"end":{"line":5,"column":42}},"2":{"start":{"line":6,"column":4},"end":{"line":6,"column":17}},"3":{"start":{"line":7,"column":4},"end":{"line":7,"column":27}},"4":{"start":{"line":8,"column":4},"end":{"line":8,"column":23}},"5":{"start":{"line":12,"column":4},"end":{"line":14,"column":5}},"6":{"start":{"line":13,"column":6},"end":{"line":13,"column":65}},"7":{"start":{"line":16,"column":4},"end":{"line":22,"column":5}},"8":{"start":{"line":21,"column":6},"end":{"line":21,"column":70}}},"fnMap":{"0":{"name":"(anonymous_0)","decl":{"start":{"line":2,"column":2},"end":{"line":2,"column":13}},"loc":{"start":{"line":2,"column":23},"end":{"line":9,"column":3}},"line":2},"1":{"name":"(anonymous_1)","decl":{"start":{"line":11,"column":2},"end":{"line":11,"column":16}},"loc":{"start":{"line":11,"column":41},"end":{"line":23,"column":3}},"line":11}},"branchMap":{"0":{"loc":{"start":{"line":12,"column":4},"end":{"line":14,"column":5}},"type":"if","locations":[{"start":{"line":12,"column":4},"end":{"line":14,"column":5}},{"start":{},"end":{}}],"line":12},"1":{"loc":{"start":{"line":12,"column":8},"end":{"line":12,"column":33}},"type":"binary-expr","locations":[{"start":{"line":12,"column":8},"end":{"line":12,"column":11}},{"start":{"line":12,"column":15},"end":{"line":12,"column":23}},{"start":{"line":12,"column":27},"end":{"line":12,"column":33}}],"line":12},"2":{"loc":{"start":{"line":16,"column":4},"end":{"line":22,"column":5}},"type":"if","locations":[{"start":{"line":16,"column":4},"end":{"line":22,"column":5}},{"start":{},"end":{}}],"line":16},"3":{"loc":{"start":{"line":17,"column":6},"end":{"line":19,"column":31}},"type":"binary-expr","locations":[{"start":{"line":17,"column":6},"end":{"line":17,"column":28}},{"start":{"line":18,"column":6},"end":{"line":18,"column":33}},{"start":{"line":19,"column":6},"end":{"line":19,"column":31}}],"line":17}},"s":{"0":8,"1":8,"2":8,"3":8,"4":8,"5":8,"6":1,"7":7,"8":1},"f":{"0":8,"1":8},"b":{"0":[1,7],"1":[8,7,7],"2":[1,6],"3":[7,6,6]},"meta":{"lastBranch":4,"lastFunction":2,"lastStatement":9,"seen":{"f:2:2:2:13":0,"s:3:4:3:33":0,"s:5:35:5:42":1,"s:6:4:6:17":2,"s:7:4:7:27":3,"s:8:4:8:23":4,"f:11:2:11:16":1,"b:12:4:14:5:undefined:undefined:undefined:undefined":0,"s:12:4:14:5":5,"b:12:8:12:11:12:15:12:23:12:27:12:33":1,"s:13:6:13:65":6,"b:16:4:22:5:undefined:undefined:undefined:undefined":2,"s:16:4:22:5":7,"b:17:6:17:28:18:6:18:33:19:6:19:31":3,"s:21:6:21:70":8}}}
,"C:\\Users\\Administrator\\Downloads\\submission2\\src\\Domains\\replies\\entities\\DetailReply.js": {"path":"C:\\Users\\Administrator\\Downloads\\submission2\\src\\Domains\\replies\\entities\\DetailReply.js","statementMap":{"0":{"start":{"line":3,"column":4},"end":{"line":3,"column":33}},"1":{"start":{"line":4,"column":55},"end":{"line":4,"column":62}},"2":{"start":{"line":5,"column":4},"end":{"line":5,"column":17}},"3":{"start":{"line":6,"column":4},"end":{"line":6,"column":21}},"4":{"start":{"line":7,"column":4},"end":{"line":7,"column":29}},"5":{"start":{"line":8,"column":4},"end":{"line":8,"column":69}},"6":{"start":{"line":12,"column":4},"end":{"line":14,"column":5}},"7":{"start":{"line":13,"column":6},"end":{"line":13,"column":66}},"8":{"start":{"line":15,"column":4},"end":{"line":23,"column":5}},"9":{"start":{"line":22,"column":6},"end":{"line":22,"column":71}}},"fnMap":{"0":{"name":"(anonymous_0)","decl":{"start":{"line":2,"column":2},"end":{"line":2,"column":13}},"loc":{"start":{"line":2,"column":23},"end":{"line":9,"column":3}},"line":2},"1":{"name":"(anonymous_1)","decl":{"start":{"line":11,"column":2},"end":{"line":11,"column":16}},"loc":{"start":{"line":11,"column":61},"end":{"line":24,"column":3}},"line":11}},"branchMap":{"0":{"loc":{"start":{"line":8,"column":19},"end":{"line":8,"column":68}},"type":"cond-expr","locations":[{"start":{"line":8,"column":31},"end":{"line":8,"column":58}},{"start":{"line":8,"column":61},"end":{"line":8,"column":68}}],"line":8},"1":{"loc":{"start":{"line":12,"column":4},"end":{"line":14,"column":5}},"type":"if","locations":[{"start":{"line":12,"column":4},"end":{"line":14,"column":5}},{"start":{},"end":{}}],"line":12},"2":{"loc":{"start":{"line":12,"column":8},"end":{"line":12,"column":72}},"type":"binary-expr","locations":[{"start":{"line":12,"column":8},"end":{"line":12,"column":11}},{"start":{"line":12,"column":15},"end":{"line":12,"column":23}},{"start":{"line":12,"column":27},"end":{"line":12,"column":32}},{"start":{"line":12,"column":36},"end":{"line":12,"column":45}},{"start":{"line":12,"column":49},"end":{"line":12,"column":72}}],"line":12},"3":{"loc":{"start":{"line":15,"column":4},"end":{"line":23,"column":5}},"type":"if","locations":[{"start":{"line":15,"column":4},"end":{"line":23,"column":5}},{"start":{},"end":{}}],"line":15},"4":{"loc":{"start":{"line":16,"column":6},"end":{"line":20,"column":36}},"type":"binary-expr","locations":[{"start":{"line":16,"column":6},"end":{"line":16,"column":28}},{"start":{"line":17,"column":6},"end":{"line":17,"column":33}},{"start":{"line":18,"column":6},"end":{"line":18,"column":30}},{"start":{"line":19,"column":6},"end":{"line":19,"column":34}},{"start":{"line":20,"column":6},"end":{"line":20,"column":36}}],"line":16}},"s":{"0":9,"1":9,"2":9,"3":9,"4":9,"5":9,"6":9,"7":1,"8":8,"9":1},"f":{"0":9,"1":9},"b":{"0":[3,4],"1":[1,8],"2":[9,8,8,8,8],"3":[1,7],"4":[8,7,7,7,7]},"meta":{"lastBranch":5,"lastFunction":2,"lastStatement":10,"seen":{"f:2:2:2:13":0,"s:3:4:3:33":0,"s:4:55:4:62":1,"s:5:4:5:17":2,"s:6:4:6:21":3,"s:7:4:7:29":4,"s:8:4:8:69":5,"b:8:31:8:58:8:61:8:68":0,"f:11:2:11:16":1,"b:12:4:14:5:undefined:undefined:undefined:undefined":1,"s:12:4:14:5":6,"b:12:8:12:11:12:15:12:23:12:27:12:32:12:36:12:45:12:49:12:72":2,"s:13:6:13:66":7,"b:15:4:23:5:undefined:undefined:undefined:undefined":3,"s:15:4:23:5":8,"b:16:6:16:28:17:6:17:33:18:6:18:30:19:6:19:34:20:6:20:36":4,"s:22:6:22:71":9}}}
,"C:\\Users\\Administrator\\Downloads\\submission2\\src\\Domains\\replies\\entities\\NewReply.js": {"path":"C:\\Users\\Administrator\\Downloads\\submission2\\src\\Domains\\replies\\entities\\NewReply.js","statementMap":{"0":{"start":{"line":3,"column":4},"end":{"line":3,"column":33}},"1":{"start":{"line":4,"column":4},"end":{"line":4,"column":35}},"2":{"start":{"line":8,"column":4},"end":{"line":10,"column":5}},"3":{"start":{"line":9,"column":6},"end":{"line":9,"column":63}},"4":{"start":{"line":12,"column":4},"end":{"line":14,"column":5}},"5":{"start":{"line":13,"column":6},"end":{"line":13,"column":68}}},"fnMap":{"0":{"name":"(anonymous_0)","decl":{"start":{"line":2,"column":2},"end":{"line":2,"column":13}},"loc":{"start":{"line":2,"column":23},"end":{"line":5,"column":3}},"line":2},"1":{"name":"(anonymous_1)","decl":{"start":{"line":7,"column":2},"end":{"line":7,"column":16}},"loc":{"start":{"line":7,"column":30},"end":{"line":15,"column":3}},"line":7}},"branchMap":{"0":{"loc":{"start":{"line":8,"column":4},"end":{"line":10,"column":5}},"type":"if","locations":[{"start":{"line":8,"column":4},"end":{"line":10,"column":5}},{"start":{},"end":{}}],"line":8},"1":{"loc":{"start":{"line":12,"column":4},"end":{"line":14,"column":5}},"type":"if","locations":[{"start":{"line":12,"column":4},"end":{"line":14,"column":5}},{"start":{},"end":{}}],"line":12}},"s":{"0":9,"1":9,"2":9,"3":2,"4":7,"5":1},"f":{"0":9,"1":9},"b":{"0":[2,7],"1":[1,6]},"meta":{"lastBranch":2,"lastFunction":2,"lastStatement":6,"seen":{"f:2:2:2:13":0,"s:3:4:3:33":0,"s:4:4:4:35":1,"f:7:2:7:16":1,"b:8:4:10:5:undefined:undefined:undefined:undefined":0,"s:8:4:10:5":2,"s:9:6:9:63":3,"b:12:4:14:5:undefined:undefined:undefined:undefined":1,"s:12:4:14:5":4,"s:13:6:13:68":5}}}
,"C:\\Users\\Administrator\\Downloads\\submission2\\src\\Domains\\threads\\ThreadRepository.js": {"path":"C:\\Users\\Administrator\\Downloads\\submission2\\src\\Domains\\threads\\ThreadRepository.js","statementMap":{"0":{"start":{"line":3,"column":4},"end":{"line":3,"column":64}},"1":{"start":{"line":8,"column":4},"end":{"line":8,"column":64}},"2":{"start":{"line":13,"column":4},"end":{"line":13,"column":64}}},"fnMap":{"0":{"name":"(anonymous_0)","decl":{"start":{"line":2,"column":8},"end":{"line":2,"column":17}},"loc":{"start":{"line":2,"column":36},"end":{"line":4,"column":3}},"line":2},"1":{"name":"(anonymous_1)","decl":{"start":{"line":7,"column":8},"end":{"line":7,"column":21}},"loc":{"start":{"line":7,"column":32},"end":{"line":9,"column":3}},"line":7},"2":{"name":"(anonymous_2)","decl":{"start":{"line":12,"column":8},"end":{"line":12,"column":32}},"loc":{"start":{"line":12,"column":43},"end":{"line":14,"column":3}},"line":12}},"branchMap":{},"s":{"0":1,"1":1,"2":1},"f":{"0":1,"1":1,"2":1},"b":{},"meta":{"lastBranch":0,"lastFunction":3,"lastStatement":3,"seen":{"f:2:8:2:17":0,"s:3:4:3:64":0,"f:7:8:7:21":1,"s:8:4:8:64":1,"f:12:8:12:32":2,"s:13:4:13:64":2}}}
,"C:\\Users\\Administrator\\Downloads\\submission2\\src\\Domains\\threads\\entities\\AddedThread.js": {"path":"C:\\Users\\Administrator\\Downloads\\submission2\\src\\Domains\\threads\\entities\\AddedThread.js","statementMap":{"0":{"start":{"line":3,"column":4},"end":{"line":3,"column":33}},"1":{"start":{"line":5,"column":33},"end":{"line":5,"column":40}},"2":{"start":{"line":7,"column":4},"end":{"line":7,"column":17}},"3":{"start":{"line":8,"column":4},"end":{"line":8,"column":23}},"4":{"start":{"line":9,"column":4},"end":{"line":9,"column":23}},"5":{"start":{"line":13,"column":4},"end":{"line":15,"column":5}},"6":{"start":{"line":14,"column":6},"end":{"line":14,"column":66}},"7":{"start":{"line":17,"column":4},"end":{"line":23,"column":5}},"8":{"start":{"line":22,"column":6},"end":{"line":22,"column":71}}},"fnMap":{"0":{"name":"(anonymous_0)","decl":{"start":{"line":2,"column":2},"end":{"line":2,"column":13}},"loc":{"start":{"line":2,"column":23},"end":{"line":10,"column":3}},"line":2},"1":{"name":"(anonymous_1)","decl":{"start":{"line":12,"column":2},"end":{"line":12,"column":16}},"loc":{"start":{"line":12,"column":39},"end":{"line":24,"column":3}},"line":12}},"branchMap":{"0":{"loc":{"start":{"line":13,"column":4},"end":{"line":15,"column":5}},"type":"if","locations":[{"start":{"line":13,"column":4},"end":{"line":15,"column":5}},{"start":{},"end":{}}],"line":13},"1":{"loc":{"start":{"line":13,"column":8},"end":{"line":13,"column":31}},"type":"binary-expr","locations":[{"start":{"line":13,"column":8},"end":{"line":13,"column":11}},{"start":{"line":13,"column":15},"end":{"line":13,"column":21}},{"start":{"line":13,"column":25},"end":{"line":13,"column":31}}],"line":13},"2":{"loc":{"start":{"line":17,"column":4},"end":{"line":23,"column":5}},"type":"if","locations":[{"start":{"line":17,"column":4},"end":{"line":23,"column":5}},{"start":{},"end":{}}],"line":17},"3":{"loc":{"start":{"line":18,"column":6},"end":{"line":20,"column":31}},"type":"binary-expr","locations":[{"start":{"line":18,"column":6},"end":{"line":18,"column":28}},{"start":{"line":19,"column":6},"end":{"line":19,"column":31}},{"start":{"line":20,"column":6},"end":{"line":20,"column":31}}],"line":18}},"s":{"0":9,"1":9,"2":9,"3":9,"4":9,"5":9,"6":1,"7":8,"8":1},"f":{"0":9,"1":9},"b":{"0":[1,8],"1":[9,8,8],"2":[1,7],"3":[8,7,7]},"meta":{"lastBranch":4,"lastFunction":2,"lastStatement":9,"seen":{"f:2:2:2:13":0,"s:3:4:3:33":0,"s:5:33:5:40":1,"s:7:4:7:17":2,"s:8:4:8:23":3,"s:9:4:9:23":4,"f:12:2:12:16":1,"b:13:4:15:5:undefined:undefined:undefined:undefined":0,"s:13:4:15:5":5,"b:13:8:13:11:13:15:13:21:13:25:13:31":1,"s:14:6:14:66":6,"b:17:4:23:5:undefined:undefined:undefined:undefined":2,"s:17:4:23:5":7,"b:18:6:18:28:19:6:19:31:20:6:20:31":3,"s:22:6:22:71":8}}}
,"C:\\Users\\Administrator\\Downloads\\submission2\\src\\Domains\\threads\\entities\\DetailThread.js": {"path":"C:\\Users\\Administrator\\Downloads\\submission2\\src\\Domains\\threads\\entities\\DetailThread.js","statementMap":{"0":{"start":{"line":5,"column":4},"end":{"line":5,"column":33}},"1":{"start":{"line":6,"column":58},"end":{"line":6,"column":65}},"2":{"start":{"line":7,"column":4},"end":{"line":7,"column":17}},"3":{"start":{"line":8,"column":4},"end":{"line":8,"column":23}},"4":{"start":{"line":9,"column":4},"end":{"line":9,"column":21}},"5":{"start":{"line":10,"column":4},"end":{"line":10,"column":21}},"6":{"start":{"line":11,"column":4},"end":{"line":11,"column":29}},"7":{"start":{"line":12,"column":4},"end":{"line":12,"column":29}},"8":{"start":{"line":16,"column":4},"end":{"line":25,"column":5}},"9":{"start":{"line":24,"column":6},"end":{"line":24,"column":67}},"10":{"start":{"line":26,"column":4},"end":{"line":34,"column":5}},"11":{"start":{"line":33,"column":6},"end":{"line":33,"column":72}}},"fnMap":{"0":{"name":"(anonymous_0)","decl":{"start":{"line":4,"column":2},"end":{"line":4,"column":13}},"loc":{"start":{"line":4,"column":23},"end":{"line":13,"column":3}},"line":4},"1":{"name":"(anonymous_1)","decl":{"start":{"line":15,"column":2},"end":{"line":15,"column":16}},"loc":{"start":{"line":15,"column":64},"end":{"line":35,"column":3}},"line":15}},"branchMap":{"0":{"loc":{"start":{"line":16,"column":4},"end":{"line":25,"column":5}},"type":"if","locations":[{"start":{"line":16,"column":4},"end":{"line":25,"column":5}},{"start":{},"end":{}}],"line":16},"1":{"loc":{"start":{"line":17,"column":6},"end":{"line":22,"column":30}},"type":"binary-expr","locations":[{"start":{"line":17,"column":6},"end":{"line":17,"column":9}},{"start":{"line":18,"column":6},"end":{"line":18,"column":12}},{"start":{"line":19,"column":6},"end":{"line":19,"column":11}},{"start":{"line":20,"column":6},"end":{"line":20,"column":11}},{"start":{"line":21,"column":6},"end":{"line":21,"column":15}},{"start":{"line":22,"column":6},"end":{"line":22,"column":30}}],"line":17},"2":{"loc":{"start":{"line":26,"column":4},"end":{"line":34,"column":5}},"type":"if","locations":[{"start":{"line":26,"column":4},"end":{"line":34,"column":5}},{"start":{},"end":{}}],"line":26},"3":{"loc":{"start":{"line":27,"column":6},"end":{"line":31,"column":34}},"type":"binary-expr","locations":[{"start":{"line":27,"column":6},"end":{"line":27,"column":28}},{"start":{"line":28,"column":6},"end":{"line":28,"column":31}},{"start":{"line":29,"column":6},"end":{"line":29,"column":30}},{"start":{"line":30,"column":6},"end":{"line":30,"column":30}},{"start":{"line":31,"column":6},"end":{"line":31,"column":34}}],"line":27}},"s":{"0":6,"1":6,"2":6,"3":6,"4":6,"5":6,"6":6,"7":6,"8":6,"9":1,"10":5,"11":1},"f":{"0":6,"1":6},"b":{"0":[1,5],"1":[6,5,5,5,5,5],"2":[1,4],"3":[5,4,4,4,4]},"meta":{"lastBranch":4,"lastFunction":2,"lastStatement":12,"seen":{"f:4:2:4:13":0,"s:5:4:5:33":0,"s:6:58:6:65":1,"s:7:4:7:17":2,"s:8:4:8:23":3,"s:9:4:9:21":4,"s:10:4:10:21":5,"s:11:4:11:29":6,"s:12:4:12:29":7,"f:15:2:15:16":1,"b:16:4:25:5:undefined:undefined:undefined:undefined":0,"s:16:4:25:5":8,"b:17:6:17:9:18:6:18:12:19:6:19:11:20:6:20:11:21:6:21:15:22:6:22:30":1,"s:24:6:24:67":9,"b:26:4:34:5:undefined:undefined:undefined:undefined":2,"s:26:4:34:5":10,"b:27:6:27:28:28:6:28:31:29:6:29:30:30:6:30:30:31:6:31:34":3,"s:33:6:33:72":11}}}
,"C:\\Users\\Administrator\\Downloads\\submission2\\src\\Domains\\threads\\entities\\NewThread.js": {"path":"C:\\Users\\Administrator\\Downloads\\submission2\\src\\Domains\\threads\\entities\\NewThread.js","statementMap":{"0":{"start":{"line":3,"column":4},"end":{"line":3,"column":33}},"1":{"start":{"line":5,"column":28},"end":{"line":5,"column":35}},"2":{"start":{"line":7,"column":4},"end":{"line":7,"column":23}},"3":{"start":{"line":8,"column":4},"end":{"line":8,"column":21}},"4":{"start":{"line":12,"column":4},"end":{"line":14,"column":5}},"5":{"start":{"line":13,"column":6},"end":{"line":13,"column":64}},"6":{"start":{"line":16,"column":4},"end":{"line":18,"column":5}},"7":{"start":{"line":17,"column":6},"end":{"line":17,"column":69}}},"fnMap":{"0":{"name":"(anonymous_0)","decl":{"start":{"line":2,"column":2},"end":{"line":2,"column":13}},"loc":{"start":{"line":2,"column":23},"end":{"line":9,"column":3}},"line":2},"1":{"name":"(anonymous_1)","decl":{"start":{"line":11,"column":2},"end":{"line":11,"column":16}},"loc":{"start":{"line":11,"column":34},"end":{"line":19,"column":3}},"line":11}},"branchMap":{"0":{"loc":{"start":{"line":12,"column":4},"end":{"line":14,"column":5}},"type":"if","locations":[{"start":{"line":12,"column":4},"end":{"line":14,"column":5}},{"start":{},"end":{}}],"line":12},"1":{"loc":{"start":{"line":12,"column":8},"end":{"line":12,"column":23}},"type":"binary-expr","locations":[{"start":{"line":12,"column":8},"end":{"line":12,"column":14}},{"start":{"line":12,"column":18},"end":{"line":12,"column":23}}],"line":12},"2":{"loc":{"start":{"line":16,"column":4},"end":{"line":18,"column":5}},"type":"if","locations":[{"start":{"line":16,"column":4},"end":{"line":18,"column":5}},{"start":{},"end":{}}],"line":16},"3":{"loc":{"start":{"line":16,"column":8},"end":{"line":16,"column":61}},"type":"binary-expr","locations":[{"start":{"line":16,"column":8},"end":{"line":16,"column":33}},{"start":{"line":16,"column":37},"end":{"line":16,"column":61}}],"line":16}},"s":{"0":9,"1":9,"2":9,"3":9,"4":9,"5":2,"6":7,"7":1},"f":{"0":9,"1":9},"b":{"0":[2,7],"1":[9,8],"2":[1,6],"3":[7,6]},"meta":{"lastBranch":4,"lastFunction":2,"lastStatement":8,"seen":{"f:2:2:2:13":0,"s:3:4:3:33":0,"s:5:28:5:35":1,"s:7:4:7:23":2,"s:8:4:8:21":3,"f:11:2:11:16":1,"b:12:4:14:5:undefined:undefined:undefined:undefined":0,"s:12:4:14:5":4,"b:12:8:12:14:12:18:12:23":1,"s:13:6:13:64":5,"b:16:4:18:5:undefined:undefined:undefined:undefined":2,"s:16:4:18:5":6,"b:16:8:16:33:16:37:16:61":3,"s:17:6:17:69":7}}}
,"C:\\Users\\Administrator\\Downloads\\submission2\\src\\Domains\\users\\UserRepository.js": {"path":"C:\\Users\\Administrator\\Downloads\\submission2\\src\\Domains\\users\\UserRepository.js","statementMap":{"0":{"start":{"line":3,"column":4},"end":{"line":3,"column":null}},"1":{"start":{"line":7,"column":4},"end":{"line":7,"column":null}},"2":{"start":{"line":11,"column":4},"end":{"line":11,"column":null}},"3":{"start":{"line":15,"column":4},"end":{"line":15,"column":null}}},"fnMap":{"0":{"name":"(anonymous_0)","decl":{"start":{"line":2,"column":8},"end":{"line":2,"column":15}},"loc":{"start":{"line":2,"column":30},"end":{"line":4,"column":null}},"line":2},"1":{"name":"(anonymous_1)","decl":{"start":{"line":6,"column":8},"end":{"line":6,"column":31}},"loc":{"start":{"line":6,"column":42},"end":{"line":8,"column":null}},"line":6},"2":{"name":"(anonymous_2)","decl":{"start":{"line":10,"column":8},"end":{"line":10,"column":29}},"loc":{"start":{"line":10,"column":40},"end":{"line":12,"column":null}},"line":10},"3":{"name":"(anonymous_3)","decl":{"start":{"line":14,"column":8},"end":{"line":14,"column":23}},"loc":{"start":{"line":14,"column":34},"end":{"line":16,"column":null}},"line":14}},"branchMap":{},"s":{"0":1,"1":1,"2":1,"3":1},"f":{"0":1,"1":1,"2":1,"3":1},"b":{},"meta":{"lastBranch":0,"lastFunction":4,"lastStatement":4,"seen":{"f:2:8:2:15":0,"s:3:4:3:Infinity":0,"f:6:8:6:31":1,"s:7:4:7:Infinity":1,"f:10:8:10:29":2,"s:11:4:11:Infinity":2,"f:14:8:14:23":3,"s:15:4:15:Infinity":3}}}
,"C:\\Users\\Administrator\\Downloads\\submission2\\src\\Domains\\users\\entities\\RegisterUser.js": {"path":"C:\\Users\\Administrator\\Downloads\\submission2\\src\\Domains\\users\\entities\\RegisterUser.js","statementMap":{"0":{"start":{"line":3,"column":4},"end":{"line":3,"column":null}},"1":{"start":{"line":5,"column":45},"end":{"line":5,"column":52}},"2":{"start":{"line":7,"column":4},"end":{"line":7,"column":null}},"3":{"start":{"line":8,"column":4},"end":{"line":8,"column":null}},"4":{"start":{"line":9,"column":4},"end":{"line":9,"column":null}},"5":{"start":{"line":13,"column":4},"end":{"line":15,"column":null}},"6":{"start":{"line":14,"column":6},"end":{"line":14,"column":null}},"7":{"start":{"line":17,"column":4},"end":{"line":19,"column":null}},"8":{"start":{"line":18,"column":6},"end":{"line":18,"column":null}},"9":{"start":{"line":21,"column":4},"end":{"line":23,"column":null}},"10":{"start":{"line":22,"column":6},"end":{"line":22,"column":null}},"11":{"start":{"line":25,"column":4},"end":{"line":27,"column":null}},"12":{"start":{"line":26,"column":6},"end":{"line":26,"column":null}}},"fnMap":{"0":{"name":"(anonymous_0)","decl":{"start":{"line":2,"column":2},"end":{"line":2,"column":13}},"loc":{"start":{"line":2,"column":23},"end":{"line":10,"column":null}},"line":2},"1":{"name":"(anonymous_1)","decl":{"start":{"line":12,"column":2},"end":{"line":12,"column":16}},"loc":{"start":{"line":12,"column":51},"end":{"line":28,"column":null}},"line":12}},"branchMap":{"0":{"loc":{"start":{"line":13,"column":4},"end":{"line":15,"column":null}},"type":"if","locations":[{"start":{"line":13,"column":4},"end":{"line":15,"column":null}},{"start":{},"end":{}}],"line":13},"1":{"loc":{"start":{"line":13,"column":8},"end":{"line":13,"column":43}},"type":"binary-expr","locations":[{"start":{"line":13,"column":8},"end":{"line":13,"column":17}},{"start":{"line":13,"column":21},"end":{"line":13,"column":30}},{"start":{"line":13,"column":34},"end":{"line":13,"column":43}}],"line":13},"2":{"loc":{"start":{"line":17,"column":4},"end":{"line":19,"column":null}},"type":"if","locations":[{"start":{"line":17,"column":4},"end":{"line":19,"column":null}},{"start":{},"end":{}}],"line":17},"3":{"loc":{"start":{"line":17,"column":8},"end":{"line":17,"column":100}},"type":"binary-expr","locations":[{"start":{"line":17,"column":8},"end":{"line":17,"column":36}},{"start":{"line":17,"column":40},"end":{"line":17,"column":68}},{"start":{"line":17,"column":72},"end":{"line":17,"column":100}}],"line":17},"4":{"loc":{"start":{"line":21,"column":4},"end":{"line":23,"column":null}},"type":"if","locations":[{"start":{"line":21,"column":4},"end":{"line":23,"column":null}},{"start":{},"end":{}}],"line":21},"5":{"loc":{"start":{"line":25,"column":4},"end":{"line":27,"column":null}},"type":"if","locations":[{"start":{"line":25,"column":4},"end":{"line":27,"column":null}},{"start":{},"end":{}}],"line":25}},"s":{"0":19,"1":19,"2":19,"3":19,"4":19,"5":19,"6":2,"7":17,"8":2,"9":15,"10":2,"11":13,"12":2},"f":{"0":19,"1":19},"b":{"0":[2,17],"1":[19,18,18],"2":[2,15],"3":[17,16,16],"4":[2,13],"5":[2,11]},"meta":{"lastBranch":6,"lastFunction":2,"lastStatement":13,"seen":{"f:2:2:2:13":0,"s:3:4:3:Infinity":0,"s:5:45:5:52":1,"s:7:4:7:Infinity":2,"s:8:4:8:Infinity":3,"s:9:4:9:Infinity":4,"f:12:2:12:16":1,"b:13:4:15:Infinity:undefined:undefined:undefined:undefined":0,"s:13:4:15:Infinity":5,"b:13:8:13:17:13:21:13:30:13:34:13:43":1,"s:14:6:14:Infinity":6,"b:17:4:19:Infinity:undefined:undefined:undefined:undefined":2,"s:17:4:19:Infinity":7,"b:17:8:17:36:17:40:17:68:17:72:17:100":3,"s:18:6:18:Infinity":8,"b:21:4:23:Infinity:undefined:undefined:undefined:undefined":4,"s:21:4:23:Infinity":9,"s:22:6:22:Infinity":10,"b:25:4:27:Infinity:undefined:undefined:undefined:undefined":5,"s:25:4:27:Infinity":11,"s:26:6:26:Infinity":12}}}
,"C:\\Users\\Administrator\\Downloads\\submission2\\src\\Domains\\users\\entities\\RegisteredUser.js": {"path":"C:\\Users\\Administrator\\Downloads\\submission2\\src\\Domains\\users\\entities\\RegisteredUser.js","statementMap":{"0":{"start":{"line":3,"column":4},"end":{"line":3,"column":null}},"1":{"start":{"line":5,"column":39},"end":{"line":5,"column":46}},"2":{"start":{"line":7,"column":4},"end":{"line":7,"column":null}},"3":{"start":{"line":8,"column":4},"end":{"line":8,"column":null}},"4":{"start":{"line":9,"column":4},"end":{"line":9,"column":null}},"5":{"start":{"line":13,"column":4},"end":{"line":15,"column":null}},"6":{"start":{"line":14,"column":6},"end":{"line":14,"column":null}},"7":{"start":{"line":17,"column":4},"end":{"line":19,"column":null}},"8":{"start":{"line":18,"column":6},"end":{"line":18,"column":null}}},"fnMap":{"0":{"name":"(anonymous_0)","decl":{"start":{"line":2,"column":2},"end":{"line":2,"column":13}},"loc":{"start":{"line":2,"column":23},"end":{"line":10,"column":null}},"line":2},"1":{"name":"(anonymous_1)","decl":{"start":{"line":12,"column":2},"end":{"line":12,"column":16}},"loc":{"start":{"line":12,"column":45},"end":{"line":20,"column":null}},"line":12}},"branchMap":{"0":{"loc":{"start":{"line":13,"column":4},"end":{"line":15,"column":null}},"type":"if","locations":[{"start":{"line":13,"column":4},"end":{"line":15,"column":null}},{"start":{},"end":{}}],"line":13},"1":{"loc":{"start":{"line":13,"column":8},"end":{"line":13,"column":37}},"type":"binary-expr","locations":[{"start":{"line":13,"column":8},"end":{"line":13,"column":11}},{"start":{"line":13,"column":15},"end":{"line":13,"column":24}},{"start":{"line":13,"column":28},"end":{"line":13,"column":37}}],"line":13},"2":{"loc":{"start":{"line":17,"column":4},"end":{"line":19,"column":null}},"type":"if","locations":[{"start":{"line":17,"column":4},"end":{"line":19,"column":null}},{"start":{},"end":{}}],"line":17},"3":{"loc":{"start":{"line":17,"column":8},"end":{"line":17,"column":94}},"type":"binary-expr","locations":[{"start":{"line":17,"column":8},"end":{"line":17,"column":30}},{"start":{"line":17,"column":34},"end":{"line":17,"column":62}},{"start":{"line":17,"column":66},"end":{"line":17,"column":94}}],"line":17}},"s":{"0":13,"1":13,"2":13,"3":13,"4":13,"5":13,"6":1,"7":12,"8":1},"f":{"0":13,"1":13},"b":{"0":[1,12],"1":[13,12,12],"2":[1,11],"3":[12,11,11]},"meta":{"lastBranch":4,"lastFunction":2,"lastStatement":9,"seen":{"f:2:2:2:13":0,"s:3:4:3:Infinity":0,"s:5:39:5:46":1,"s:7:4:7:Infinity":2,"s:8:4:8:Infinity":3,"s:9:4:9:Infinity":4,"f:12:2:12:16":1,"b:13:4:15:Infinity:undefined:undefined:undefined:undefined":0,"s:13:4:15:Infinity":5,"b:13:8:13:11:13:15:13:24:13:28:13:37":1,"s:14:6:14:Infinity":6,"b:17:4:19:Infinity:undefined:undefined:undefined:undefined":2,"s:17:4:19:Infinity":7,"b:17:8:17:30:17:34:17:62:17:66:17:94":3,"s:18:6:18:Infinity":8}}}
,"C:\\Users\\Administrator\\Downloads\\submission2\\src\\Domains\\users\\entities\\UserLogin.js": {"path":"C:\\Users\\Administrator\\Downloads\\submission2\\src\\Domains\\users\\entities\\UserLogin.js","statementMap":{"0":{"start":{"line":3,"column":4},"end":{"line":3,"column":null}},"1":{"start":{"line":5,"column":4},"end":{"line":5,"column":null}},"2":{"start":{"line":6,"column":4},"end":{"line":6,"column":null}},"3":{"start":{"line":10,"column":35},"end":{"line":10,"column":42}},"4":{"start":{"line":12,"column":4},"end":{"line":14,"column":null}},"5":{"start":{"line":13,"column":6},"end":{"line":13,"column":null}},"6":{"start":{"line":16,"column":4},"end":{"line":18,"column":null}},"7":{"start":{"line":17,"column":6},"end":{"line":17,"column":null}}},"fnMap":{"0":{"name":"(anonymous_0)","decl":{"start":{"line":2,"column":2},"end":{"line":2,"column":13}},"loc":{"start":{"line":2,"column":23},"end":{"line":7,"column":null}},"line":2},"1":{"name":"(anonymous_1)","decl":{"start":{"line":9,"column":2},"end":{"line":9,"column":16}},"loc":{"start":{"line":9,"column":26},"end":{"line":19,"column":null}},"line":9}},"branchMap":{"0":{"loc":{"start":{"line":12,"column":4},"end":{"line":14,"column":null}},"type":"if","locations":[{"start":{"line":12,"column":4},"end":{"line":14,"column":null}},{"start":{},"end":{}}],"line":12},"1":{"loc":{"start":{"line":12,"column":8},"end":{"line":12,"column":30}},"type":"binary-expr","locations":[{"start":{"line":12,"column":8},"end":{"line":12,"column":17}},{"start":{"line":12,"column":21},"end":{"line":12,"column":30}}],"line":12},"2":{"loc":{"start":{"line":16,"column":4},"end":{"line":18,"column":null}},"type":"if","locations":[{"start":{"line":16,"column":4},"end":{"line":18,"column":null}},{"start":{},"end":{}}],"line":16},"3":{"loc":{"start":{"line":16,"column":8},"end":{"line":16,"column":68}},"type":"binary-expr","locations":[{"start":{"line":16,"column":8},"end":{"line":16,"column":36}},{"start":{"line":16,"column":40},"end":{"line":16,"column":68}}],"line":16}},"s":{"0":11,"1":11,"2":11,"3":11,"4":11,"5":2,"6":9,"7":2},"f":{"0":11,"1":11},"b":{"0":[2,9],"1":[11,11],"2":[2,7],"3":[9,8]},"meta":{"lastBranch":4,"lastFunction":2,"lastStatement":8,"seen":{"f:2:2:2:13":0,"s:3:4:3:Infinity":0,"s:5:4:5:Infinity":1,"s:6:4:6:Infinity":2,"f:9:2:9:16":1,"s:10:35:10:42":3,"b:12:4:14:Infinity:undefined:undefined:undefined:undefined":0,"s:12:4:14:Infinity":4,"b:12:8:12:17:12:21:12:30":1,"s:13:6:13:Infinity":5,"b:16:4:18:Infinity:undefined:undefined:undefined:undefined":2,"s:16:4:18:Infinity":6,"b:16:8:16:36:16:40:16:68":3,"s:17:6:17:Infinity":7}}}
[...]
,"C:\\Users\\Administrator\\Downloads\\submission2\\src\\Interfaces\\http\\api\\threads\\CommentsController.js": {"path":"C:\\Users\\Administrator\\Downloads\\submission2\\src\\Interfaces\\http\\api\\threads\\CommentsController.js","statementMap":{"0":{"start":{"line":8,"column":4},"end":{"line":8,"column":32}},"1":{"start":{"line":9,"column":4},"end":{"line":9,"column":51}},"2":{"start":{"line":10,"column":4},"end":{"line":10,"column":55}},"3":{"start":{"line":11,"column":4},"end":{"line":11,"column":65}},"4":{"start":{"line":15,"column":23},"end":{"line":15,"column":48}},"5":{"start":{"line":16,"column":4},"end":{"line":17,"column":62}},"6":{"start":{"line":17,"column":6},"end":{"line":17,"column":62}},"7":{"start":{"line":18,"column":18},"end":{"line":18,"column":42}},"8":{"start":{"line":19,"column":25},"end":{"line":21,"column":5}},"9":{"start":{"line":22,"column":4},"end":{"line":27,"column":5}},"10":{"start":{"line":23,"column":22},"end":{"line":23,"column":61}},"11":{"start":{"line":24,"column":6},"end":{"line":24,"column":24}},"12":{"start":{"line":26,"column":6},"end":{"line":26,"column":57}},"13":{"start":{"line":31,"column":4},"end":{"line":44,"column":5}},"14":{"start":{"line":32,"column":20},"end":{"line":32,"column":54}},"15":{"start":{"line":33,"column":32},"end":{"line":35,"column":7}},"16":{"start":{"line":36,"column":27},"end":{"line":40,"column":8}},"17":{"start":{"line":41,"column":6},"end":{"line":41,"column":74}},"18":{"start":{"line":43,"column":6},"end":{"line":43,"column":18}},"19":{"start":{"line":48,"column":4},"end":{"line":61,"column":5}},"20":{"start":{"line":49,"column":20},"end":{"line":49,"column":54}},"21":{"start":{"line":50,"column":35},"end":{"line":52,"column":7}},"22":{"start":{"line":53,"column":6},"end":{"line":57,"column":9}},"23":{"start":{"line":58,"column":6},"end":{"line":58,"column":50}},"24":{"start":{"line":60,"column":6},"end":{"line":60,"column":18}}},"fnMap":{"0":{"name":"(anonymous_0)","decl":{"start":{"line":7,"column":2},"end":{"line":7,"column":13}},"loc":{"start":{"line":7,"column":25},"end":{"line":12,"column":3}},"line":7},"1":{"name":"(anonymous_1)","decl":{"start":{"line":14,"column":8},"end":{"line":14,"column":26}},"loc":{"start":{"line":14,"column":32},"end":{"line":28,"column":3}},"line":14},"2":{"name":"(anonymous_2)","decl":{"start":{"line":30,"column":8},"end":{"line":30,"column":19}},"loc":{"start":{"line":30,"column":36},"end":{"line":45,"column":3}},"line":30},"3":{"name":"(anonymous_3)","decl":{"start":{"line":47,"column":8},"end":{"line":47,"column":21}},"loc":{"start":{"line":47,"column":38},"end":{"line":62,"column":3}},"line":47}},"branchMap":{"0":{"loc":{"start":{"line":16,"column":4},"end":{"line":17,"column":62}},"type":"if","locations":[{"start":{"line":16,"column":4},"end":{"line":17,"column":62}},{"start":{},"end":{}}],"line":16},"1":{"loc":{"start":{"line":16,"column":8},"end":{"line":16,"column":56}},"type":"binary-expr","locations":[{"start":{"line":16,"column":8},"end":{"line":16,"column":19}},{"start":{"line":16,"column":23},"end":{"line":16,"column":56}}],"line":16}},"s":{"0":22,"1":22,"2":22,"3":22,"4":4,"5":4,"6":0,"7":4,"8":4,"9":4,"10":4,"11":4,"12":0,"13":2,"14":2,"15":2,"16":2,"17":1,"18":1,"19":2,"20":2,"21":2,"22":2,"23":1,"24":1},"f":{"0":22,"1":4,"2":2,"3":2},"b":{"0":[0,4],"1":[4,4]},"meta":{"lastBranch":2,"lastFunction":4,"lastStatement":25,"seen":{"f:7:2:7:13":0,"s:8:4:8:32":0,"s:9:4:9:51":1,"s:10:4:10:55":2,"s:11:4:11:65":3,"f:14:8:14:26":1,"s:15:23:15:48":4,"b:16:4:17:62:undefined:undefined:undefined:undefined":0,"s:16:4:17:62":5,"b:16:8:16:19:16:23:16:56":1,"s:17:6:17:62":6,"s:18:18:18:42":7,"s:19:25:21:5":8,"s:22:4:27:5":9,"s:23:22:23:61":10,"s:24:6:24:24":11,"s:26:6:26:57":12,"f:30:8:30:19":2,"s:31:4:44:5":13,"s:32:20:32:54":14,"s:33:32:35:7":15,"s:36:27:40:8":16,"s:41:6:41:74":17,"s:43:6:43:18":18,"f:47:8:47:21":3,"s:48:4:61:5":19,"s:49:20:49:54":20,"s:50:35:52:7":21,"s:53:6:57:9":22,"s:58:6:58:50":23,"s:60:6:60:18":24}}}
,"C:\\Users\\Administrator\\Downloads\\submission2\\src\\Interfaces\\http\\api\\threads\\RepliesController.js": {"path":"C:\\Users\\Administrator\\Downloads\\submission2\\src\\Interfaces\\http\\api\\threads\\RepliesController.js","statementMap":{"0":{"start":{"line":8,"column":4},"end":{"line":8,"column":32}},"1":{"start":{"line":9,"column":4},"end":{"line":9,"column":47}},"2":{"start":{"line":10,"column":4},"end":{"line":10,"column":51}},"3":{"start":{"line":11,"column":4},"end":{"line":11,"column":65}},"4":{"start":{"line":15,"column":23},"end":{"line":15,"column":48}},"5":{"start":{"line":16,"column":4},"end":{"line":17,"column":62}},"6":{"start":{"line":17,"column":6},"end":{"line":17,"column":62}},"7":{"start":{"line":18,"column":18},"end":{"line":18,"column":42}},"8":{"start":{"line":19,"column":25},"end":{"line":21,"column":5}},"9":{"start":{"line":22,"column":4},"end":{"line":27,"column":5}},"10":{"start":{"line":23,"column":22},"end":{"line":23,"column":61}},"11":{"start":{"line":24,"column":6},"end":{"line":24,"column":24}},"12":{"start":{"line":26,"column":6},"end":{"line":26,"column":57}},"13":{"start":{"line":31,"column":4},"end":{"line":43,"column":5}},"14":{"start":{"line":32,"column":20},"end":{"line":32,"column":54}},"15":{"start":{"line":33,"column":30},"end":{"line":33,"column":79}},"16":{"start":{"line":34,"column":25},"end":{"line":39,"column":8}},"17":{"start":{"line":40,"column":6},"end":{"line":40,"column":72}},"18":{"start":{"line":42,"column":6},"end":{"line":42,"column":18}},"19":{"start":{"line":47,"column":4},"end":{"line":61,"column":5}},"20":{"start":{"line":48,"column":20},"end":{"line":48,"column":54}},"21":{"start":{"line":49,"column":33},"end":{"line":51,"column":7}},"22":{"start":{"line":52,"column":6},"end":{"line":57,"column":9}},"23":{"start":{"line":58,"column":6},"end":{"line":58,"column":50}},"24":{"start":{"line":60,"column":6},"end":{"line":60,"column":18}}},"fnMap":{"0":{"name":"(anonymous_0)","decl":{"start":{"line":7,"column":2},"end":{"line":7,"column":13}},"loc":{"start":{"line":7,"column":25},"end":{"line":12,"column":3}},"line":7},"1":{"name":"(anonymous_1)","decl":{"start":{"line":14,"column":8},"end":{"line":14,"column":26}},"loc":{"start":{"line":14,"column":32},"end":{"line":28,"column":3}},"line":14},"2":{"name":"(anonymous_2)","decl":{"start":{"line":30,"column":8},"end":{"line":30,"column":17}},"loc":{"start":{"line":30,"column":34},"end":{"line":44,"column":3}},"line":30},"3":{"name":"(anonymous_3)","decl":{"start":{"line":46,"column":8},"end":{"line":46,"column":19}},"loc":{"start":{"line":46,"column":36},"end":{"line":62,"column":3}},"line":46}},"branchMap":{"0":{"loc":{"start":{"line":16,"column":4},"end":{"line":17,"column":62}},"type":"if","locations":[{"start":{"line":16,"column":4},"end":{"line":17,"column":62}},{"start":{},"end":{}}],"line":16},"1":{"loc":{"start":{"line":16,"column":8},"end":{"line":16,"column":56}},"type":"binary-expr","locations":[{"start":{"line":16,"column":8},"end":{"line":16,"column":19}},{"start":{"line":16,"column":23},"end":{"line":16,"column":56}}],"line":16}},"s":{"0":22,"1":22,"2":22,"3":22,"4":4,"5":4,"6":0,"7":4,"8":4,"9":4,"10":4,"11":4,"12":0,"13":2,"14":2,"15":2,"16":2,"17":1,"18":1,"19":2,"20":2,"21":2,"22":2,"23":1,"24":1},"f":{"0":22,"1":4,"2":2,"3":2},"b":{"0":[0,4],"1":[4,4]},"meta":{"lastBranch":2,"lastFunction":4,"lastStatement":25,"seen":{"f:7:2:7:13":0,"s:8:4:8:32":0,"s:9:4:9:47":1,"s:10:4:10:51":2,"s:11:4:11:65":3,"f:14:8:14:26":1,"s:15:23:15:48":4,"b:16:4:17:62:undefined:undefined:undefined:undefined":0,"s:16:4:17:62":5,"b:16:8:16:19:16:23:16:56":1,"s:17:6:17:62":6,"s:18:18:18:42":7,"s:19:25:21:5":8,"s:22:4:27:5":9,"s:23:22:23:61":10,"s:24:6:24:24":11,"s:26:6:26:57":12,"f:30:8:30:17":2,"s:31:4:43:5":13,"s:32:20:32:54":14,"s:33:30:33:79":15,"s:34:25:39:8":16,"s:40:6:40:72":17,"s:42:6:42:18":18,"f:46:8:46:19":3,"s:47:4:61:5":19,"s:48:20:48:54":20,"s:49:33:51:7":21,"s:52:6:57:9":22,"s:58:6:58:50":23,"s:60:6:60:18":24}}}
,"C:\\Users\\Administrator\\Downloads\\submission2\\src\\Interfaces\\http\\api\\threads\\ThreadsController.js": {"path":"C:\\Users\\Administrator\\Downloads\\submission2\\src\\Interfaces\\http\\api\\threads\\ThreadsController.js","statementMap":{"0":{"start":{"line":8,"column":4},"end":{"line":8,"column":32}},"1":{"start":{"line":9,"column":4},"end":{"line":9,"column":49}},"2":{"start":{"line":10,"column":4},"end":{"line":10,"column":55}},"3":{"start":{"line":11,"column":4},"end":{"line":11,"column":65}},"4":{"start":{"line":15,"column":23},"end":{"line":15,"column":48}},"5":{"start":{"line":16,"column":4},"end":{"line":17,"column":62}},"6":{"start":{"line":17,"column":6},"end":{"line":17,"column":62}},"7":{"start":{"line":18,"column":18},"end":{"line":18,"column":42}},"8":{"start":{"line":19,"column":25},"end":{"line":21,"column":5}},"9":{"start":{"line":22,"column":4},"end":{"line":27,"column":5}},"10":{"start":{"line":23,"column":22},"end":{"line":23,"column":61}},"11":{"start":{"line":24,"column":6},"end":{"line":24,"column":24}},"12":{"start":{"line":26,"column":6},"end":{"line":26,"column":57}},"13":{"start":{"line":31,"column":4},"end":{"line":43,"column":5}},"14":{"start":{"line":32,"column":20},"end":{"line":32,"column":54}},"15":{"start":{"line":33,"column":31},"end":{"line":35,"column":7}},"16":{"start":{"line":36,"column":26},"end":{"line":39,"column":8}},"17":{"start":{"line":40,"column":6},"end":{"line":40,"column":73}},"18":{"start":{"line":42,"column":6},"end":{"line":42,"column":18}},"19":{"start":{"line":47,"column":4},"end":{"line":57,"column":5}},"20":{"start":{"line":48,"column":31},"end":{"line":50,"column":7}},"21":{"start":{"line":51,"column":21},"end":{"line":53,"column":8}},"22":{"start":{"line":54,"column":6},"end":{"line":54,"column":68}},"23":{"start":{"line":56,"column":6},"end":{"line":56,"column":18}}},"fnMap":{"0":{"name":"(anonymous_0)","decl":{"start":{"line":7,"column":2},"end":{"line":7,"column":13}},"loc":{"start":{"line":7,"column":25},"end":{"line":12,"column":3}},"line":7},"1":{"name":"(anonymous_1)","decl":{"start":{"line":14,"column":8},"end":{"line":14,"column":26}},"loc":{"start":{"line":14,"column":32},"end":{"line":28,"column":3}},"line":14},"2":{"name":"(anonymous_2)","decl":{"start":{"line":30,"column":8},"end":{"line":30,"column":18}},"loc":{"start":{"line":30,"column":35},"end":{"line":44,"column":3}},"line":30},"3":{"name":"(anonymous_3)","decl":{"start":{"line":46,"column":8},"end":{"line":46,"column":21}},"loc":{"start":{"line":46,"column":38},"end":{"line":58,"column":3}},"line":46}},"branchMap":{"0":{"loc":{"start":{"line":16,"column":4},"end":{"line":17,"column":62}},"type":"if","locations":[{"start":{"line":16,"column":4},"end":{"line":17,"column":62}},{"start":{},"end":{}}],"line":16},"1":{"loc":{"start":{"line":16,"column":8},"end":{"line":16,"column":56}},"type":"binary-expr","locations":[{"start":{"line":16,"column":8},"end":{"line":16,"column":19}},{"start":{"line":16,"column":23},"end":{"line":16,"column":56}}],"line":16}},"s":{"0":22,"1":22,"2":22,"3":22,"4":2,"5":2,"6":0,"7":2,"8":2,"9":2,"10":2,"11":2,"12":0,"13":2,"14":2,"15":2,"16":2,"17":1,"18":1,"19":2,"20":2,"21":2,"22":1,"23":1},"f":{"0":22,"1":2,"2":2,"3":2},"b":{"0":[0,2],"1":[2,2]},"meta":{"lastBranch":2,"lastFunction":4,"lastStatement":24,"seen":{"f:7:2:7:13":0,"s:8:4:8:32":0,"s:9:4:9:49":1,"s:10:4:10:55":2,"s:11:4:11:65":3,"f:14:8:14:26":1,"s:15:23:15:48":4,"b:16:4:17:62:undefined:undefined:undefined:undefined":0,"s:16:4:17:62":5,"b:16:8:16:19:16:23:16:56":1,"s:17:6:17:62":6,"s:18:18:18:42":7,"s:19:25:21:5":8,"s:22:4:27:5":9,"s:23:22:23:61":10,"s:24:6:24:24":11,"s:26:6:26:57":12,"f:30:8:30:18":2,"s:31:4:43:5":13,"s:32:20:32:54":14,"s:33:31:35:7":15,"s:36:26:39:8":16,"s:40:6:40:73":17,"s:42:6:42:18":18,"f:46:8:46:21":3,"s:47:4:57:5":19,"s:48:31:50:7":20,"s:51:21:53:8":21,"s:54:6:54:68":22,"s:56:6:56:18":23}}}
,"C:\\Users\\Administrator\\Downloads\\submission2\\src\\Interfaces\\http\\api\\threads\\index.js": {"path":"C:\\Users\\Administrator\\Downloads\\submission2\\src\\Interfaces\\http\\api\\threads\\index.js","statementMap":{"0":{"start":{"line":6,"column":16},"end":{"line":12,"column":1}},"1":{"start":{"line":7,"column":28},"end":{"line":7,"column":60}},"2":{"start":{"line":8,"column":29},"end":{"line":8,"column":62}},"3":{"start":{"line":9,"column":28},"end":{"line":9,"column":60}},"4":{"start":{"line":11,"column":2},"end":{"line":11,"column":74}}},"fnMap":{"0":{"name":"(anonymous_0)","decl":{"start":{"line":6,"column":16},"end":{"line":6,"column":17}},"loc":{"start":{"line":6,"column":31},"end":{"line":12,"column":1}},"line":6}},"branchMap":{},"s":{"0":2,"1":22,"2":22,"3":22,"4":22},"f":{"0":22},"b":{},"meta":{"lastBranch":0,"lastFunction":1,"lastStatement":5,"seen":{"s:6:16:12:1":0,"f:6:16:6:17":0,"s:7:28:7:60":1,"s:8:29:8:62":2,"s:9:28:9:60":3,"s:11:2:11:74":4}}}
,"C:\\Users\\Administrator\\Downloads\\submission2\\src\\Interfaces\\http\\api\\threads\\routes.js": {"path":"C:\\Users\\Administrator\\Downloads\\submission2\\src\\Interfaces\\http\\api\\threads\\routes.js","statementMap":{"0":{"start":{"line":3,"column":15},"end":{"line":28,"column":1}},"1":{"start":{"line":4,"column":17},"end":{"line":4,"column":33}},"2":{"start":{"line":7,"column":2},"end":{"line":7,"column":49}},"3":{"start":{"line":8,"column":2},"end":{"line":8,"column":60}},"4":{"start":{"line":11,"column":2},"end":{"line":11,"column":69}},"5":{"start":{"line":12,"column":2},"end":{"line":15,"column":4}},"6":{"start":{"line":18,"column":2},"end":{"line":21,"column":4}},"7":{"start":{"line":22,"column":2},"end":{"line":25,"column":4}},"8":{"start":{"line":27,"column":2},"end":{"line":27,"column":16}}},"fnMap":{"0":{"name":"(anonymous_0)","decl":{"start":{"line":3,"column":15},"end":{"line":3,"column":16}},"loc":{"start":{"line":3,"column":77},"end":{"line":28,"column":1}},"line":3}},"branchMap":{},"s":{"0":2,"1":22,"2":22,"3":22,"4":22,"5":22,"6":22,"7":22,"8":22},"f":{"0":22},"b":{},"meta":{"lastBranch":0,"lastFunction":1,"lastStatement":9,"seen":{"s:3:15:28:1":0,"f:3:15:3:16":0,"s:4:17:4:33":1,"s:7:2:7:49":2,"s:8:2:8:60":3,"s:11:2:11:69":4,"s:12:2:15:4":5,"s:18:2:21:4":6,"s:22:2:25:4":7,"s:27:2:27:16":8}}}
,"C:\\Users\\Administrator\\Downloads\\submission2\\src\\Interfaces\\http\\api\\users\\handler.js": {"path":"C:\\Users\\Administrator\\Downloads\\submission2\\src\\Interfaces\\http\\api\\users\\handler.js","statementMap":{"0":{"start":{"line":5,"column":4},"end":{"line":5,"column":null}},"1":{"start":{"line":7,"column":4},"end":{"line":7,"column":null}},"2":{"start":{"line":11,"column":4},"end":{"line":23,"column":null}},"3":{"start":{"line":12,"column":29},"end":{"line":12,"column":77}},"4":{"start":{"line":13,"column":24},"end":{"line":13,"column":62}},"5":{"start":{"line":15,"column":6},"end":{"line":20,"column":null}},"6":{"start":{"line":22,"column":6},"end":{"line":22,"column":null}}},"fnMap":{"0":{"name":"(anonymous_0)","decl":{"start":{"line":4,"column":2},"end":{"line":4,"column":13}},"loc":{"start":{"line":4,"column":25},"end":{"line":8,"column":null}},"line":4},"1":{"name":"(anonymous_1)","decl":{"start":{"line":10,"column":8},"end":{"line":10,"column":23}},"loc":{"start":{"line":10,"column":40},"end":{"line":24,"column":null}},"line":10}},"branchMap":{},"s":{"0":22,"1":22,"2":11,"3":11,"4":11,"5":5,"6":6},"f":{"0":22,"1":11},"b":{},"meta":{"lastBranch":0,"lastFunction":2,"lastStatement":7,"seen":{"f:4:2:4:13":0,"s:5:4:5:Infinity":0,"s:7:4:7:Infinity":1,"f:10:8:10:23":1,"s:11:4:23:Infinity":2,"s:12:29:12:77":3,"s:13:24:13:62":4,"s:15:6:20:Infinity":5,"s:22:6:22:Infinity":6}}}
,"C:\\Users\\Administrator\\Downloads\\submission2\\src\\Interfaces\\http\\api\\users\\index.js": {"path":"C:\\Users\\Administrator\\Downloads\\submission2\\src\\Interfaces\\http\\api\\users\\index.js","statementMap":{"0":{"start":{"line":5,"column":23},"end":{"line":5,"column":50}},"1":{"start":{"line":6,"column":2},"end":{"line":6,"column":null}}},"fnMap":{"0":{"name":"(anonymous_0)","decl":{"start":{"line":4,"column":15},"end":{"line":4,"column":16}},"loc":{"start":{"line":4,"column":30},"end":{"line":7,"column":1}},"line":4}},"branchMap":{},"s":{"0":22,"1":22},"f":{"0":22},"b":{},"meta":{"lastBranch":0,"lastFunction":1,"lastStatement":2,"seen":{"f:4:15:4:16":0,"s:5:23:5:50":0,"s:6:2:6:Infinity":1}}}
,"C:\\Users\\Administrator\\Downloads\\submission2\\src\\Interfaces\\http\\api\\users\\routes.js": {"path":"C:\\Users\\Administrator\\Downloads\\submission2\\src\\Interfaces\\http\\api\\users\\routes.js","statementMap":{"0":{"start":{"line":3,"column":26},"end":{"line":9,"column":1}},"1":{"start":{"line":4,"column":17},"end":{"line":4,"column":33}},"2":{"start":{"line":6,"column":2},"end":{"line":6,"column":null}},"3":{"start":{"line":8,"column":2},"end":{"line":8,"column":null}}},"fnMap":{"0":{"name":"(anonymous_0)","decl":{"start":{"line":3,"column":26},"end":{"line":3,"column":27}},"loc":{"start":{"line":3,"column":39},"end":{"line":9,"column":1}},"line":3}},"branchMap":{},"s":{"0":2,"1":22,"2":22,"3":22},"f":{"0":22},"b":{},"meta":{"lastBranch":0,"lastFunction":1,"lastStatement":4,"seen":{"s:3:26:9:1":0,"f:3:26:3:27":0,"s:4:17:4:33":1,"s:6:2:6:Infinity":2,"s:8:2:8:Infinity":3}}}
,"C:\\Users\\Administrator\\Downloads\\submission2\\tests\\LikesTableTestHelper.js": {"path":"C:\\Users\\Administrator\\Downloads\\submission2\\tests\\LikesTableTestHelper.js","statementMap":{"0":{"start":{"line":3,"column":29},"end":{"line":28,"column":1}},"1":{"start":{"line":9,"column":18},"end":{"line":12,"column":5}},"2":{"start":{"line":13,"column":4},"end":{"line":13,"column":28}},"3":{"start":{"line":17,"column":18},"end":{"line":20,"column":5}},"4":{"start":{"line":21,"column":19},"end":{"line":21,"column":42}},"5":{"start":{"line":22,"column":4},"end":{"line":22,"column":23}},"6":{"start":{"line":26,"column":4},"end":{"line":26,"column":68}}},"fnMap":{"0":{"name":"(anonymous_0)","decl":{"start":{"line":4,"column":8},"end":{"line":4,"column":15}},"loc":{"start":{"line":8,"column":5},"end":{"line":14,"column":3}},"line":8},"1":{"name":"(anonymous_1)","decl":{"start":{"line":16,"column":8},"end":{"line":16,"column":20}},"loc":{"start":{"line":16,"column":25},"end":{"line":23,"column":3}},"line":16},"2":{"name":"(anonymous_2)","decl":{"start":{"line":25,"column":8},"end":{"line":25,"column":18}},"loc":{"start":{"line":25,"column":21},"end":{"line":27,"column":3}},"line":25}},"branchMap":{"0":{"loc":{"start":{"line":5,"column":4},"end":{"line":5,"column":19}},"type":"default-arg","locations":[{"start":{"line":5,"column":9},"end":{"line":5,"column":19}}],"line":5},"1":{"loc":{"start":{"line":6,"column":4},"end":{"line":6,"column":29}},"type":"default-arg","locations":[{"start":{"line":6,"column":16},"end":{"line":6,"column":29}}],"line":6},"2":{"loc":{"start":{"line":7,"column":4},"end":{"line":7,"column":22}},"type":"default-arg","locations":[{"start":{"line":7,"column":12},"end":{"line":7,"column":22}}],"line":7}},"s":{"0":2,"1":3,"2":3,"3":2,"4":2,"5":2,"6":6},"f":{"0":3,"1":2,"2":6},"b":{"0":[3],"1":[3],"2":[3]},"meta":{"lastBranch":3,"lastFunction":3,"lastStatement":7,"seen":{"s:3:29:28:1":0,"f:4:8:4:15":0,"b:5:9:5:19":0,"b:6:16:6:29":1,"b:7:12:7:22":2,"s:9:18:12:5":1,"s:13:4:13:28":2,"f:16:8:16:20":1,"s:17:18:20:5":3,"s:21:19:21:42":4,"s:22:4:22:23":5,"f:25:8:25:18":2,"s:26:4:26:68":6}}}
}
